{"meta": {"format": 3, "version": "7.11.3", "timestamp": "2025-11-17T09:39:07.555452", "branch_coverage": false, "show_contexts": false}, "files": {"src/mcp_server/__init__.py": {"executed_lines": [1, 36, 37, 39, 50, 66, 68, 108, 111, 146, 148, 149, 151, 152, 155, 157, 158, 160, 161], "summary": {"covered_lines": 18, "num_statements": 45, "percent_covered": 40.0, "percent_covered_display": "40.00", "missing_lines": 27, "excluded_lines": 0}, "missing_lines": [113, 114, 115, 117, 119, 120, 121, 123, 124, 125, 126, 128, 129, 130, 131, 133, 134, 135, 136, 138, 139, 140, 141, 142, 143, 150, 159], "excluded_lines": [], "functions": {"get_features": {"executed_lines": [68, 108], "summary": {"covered_lines": 2, "num_statements": 2, "percent_covered": 100.0, "percent_covered_display": "100.00", "missing_lines": 0, "excluded_lines": 0}, "missing_lines": [], "excluded_lines": []}, "print_info": {"executed_lines": [], "summary": {"covered_lines": 0, "num_statements": 25, "percent_covered": 0.0, "percent_covered_display": "0.00", "missing_lines": 25, "excluded_lines": 0}, "missing_lines": [113, 114, 115, 117, 119, 120, 121, 123, 124, 125, 126, 128, 129, 130, 131, 133, 134, 135, 136, 138, 139, 140, 141, 142, 143], "excluded_lines": []}, "_check_windows_support": {"executed_lines": [148, 149, 151, 152], "summary": {"covered_lines": 4, "num_statements": 5, "percent_covered": 80.0, "percent_covered_display": "80.00", "missing_lines": 1, "excluded_lines": 0}, "missing_lines": [150], "excluded_lines": []}, "_check_vision_support": {"executed_lines": [157, 158, 160, 161], "summary": {"covered_lines": 4, "num_statements": 5, "percent_covered": 80.0, "percent_covered_display": "80.00", "missing_lines": 1, "excluded_lines": 0}, "missing_lines": [159], "excluded_lines": []}, "": {"executed_lines": [1, 36, 37, 39, 50, 66, 111, 146, 155], "summary": {"covered_lines": 8, "num_statements": 8, "percent_covered": 100.0, "percent_covered_display": "100.00", "missing_lines": 0, "excluded_lines": 0}, "missing_lines": [], "excluded_lines": []}}, "classes": {"": {"executed_lines": [1, 36, 37, 39, 50, 66, 68, 108, 111, 146, 148, 149, 151, 152, 155, 157, 158, 160, 161], "summary": {"covered_lines": 18, "num_statements": 45, "percent_covered": 40.0, "percent_covered_display": "40.00", "missing_lines": 27, "excluded_lines": 0}, "missing_lines": [113, 114, 115, 117, 119, 120, 121, 123, 124, 125, 126, 128, 129, 130, 131, 133, 134, 135, 136, 138, 139, 140, 141, 142, 143, 150, 159], "excluded_lines": []}}}, "src/mcp_server/__main__.py": {"executed_lines": [], "summary": {"covered_lines": 0, "num_statements": 97, "percent_covered": 0.0, "percent_covered_display": "0.00", "missing_lines": 97, "excluded_lines": 2}, "missing_lines": [23, 24, 25, 26, 27, 29, 39, 41, 47, 49, 51, 52, 53, 55, 57, 60, 62, 64, 65, 66, 67, 69, 71, 72, 74, 75, 76, 78, 79, 81, 82, 83, 84, 86, 87, 90, 96, 97, 98, 100, 101, 104, 109, 110, 111, 112, 113, 115, 116, 117, 118, 121, 122, 123, 124, 127, 129, 142, 148, 154, 160, 166, 173, 179, 185, 188, 189, 190, 193, 194, 195, 198, 201, 202, 203, 205, 208, 209, 210, 213, 214, 215, 216, 217, 220, 221, 222, 223, 224, 225, 226, 227, 228, 229, 230, 231, 233], "excluded_lines": [236, 237], "functions": {"setup_logging": {"executed_lines": [], "summary": {"covered_lines": 0, "num_statements": 1, "percent_covered": 0.0, "percent_covered_display": "0.00", "missing_lines": 1, "excluded_lines": 0}, "missing_lines": [41], "excluded_lines": []}, "run_stdio_server": {"executed_lines": [], "summary": {"covered_lines": 0, "num_statements": 6, "percent_covered": 0.0, "percent_covered_display": "0.00", "missing_lines": 6, "excluded_lines": 0}, "missing_lines": [49, 51, 52, 53, 55, 57], "excluded_lines": []}, "run_demo": {"executed_lines": [], "summary": {"covered_lines": 0, "num_statements": 39, "percent_covered": 0.0, "percent_covered_display": "0.00", "missing_lines": 39, "excluded_lines": 0}, "missing_lines": [62, 64, 65, 66, 67, 69, 71, 72, 74, 75, 76, 78, 79, 81, 82, 83, 84, 86, 87, 90, 96, 97, 98, 100, 101, 104, 109, 110, 111, 112, 113, 115, 116, 117, 118, 121, 122, 123, 124], "excluded_lines": []}, "main": {"executed_lines": [], "summary": {"covered_lines": 0, "num_statements": 41, "percent_covered": 0.0, "percent_covered_display": "0.00", "missing_lines": 41, "excluded_lines": 0}, "missing_lines": [129, 142, 148, 154, 160, 166, 173, 179, 185, 188, 189, 190, 193, 194, 195, 198, 201, 202, 203, 205, 208, 209, 210, 213, 214, 215, 216, 217, 220, 221, 222, 223, 224, 225, 226, 227, 228, 229, 230, 231, 233], "excluded_lines": []}, "": {"executed_lines": [], "summary": {"covered_lines": 0, "num_statements": 10, "percent_covered": 0.0, "percent_covered_display": "0.00", "missing_lines": 10, "excluded_lines": 2}, "missing_lines": [23, 24, 25, 26, 27, 29, 39, 47, 60, 127], "excluded_lines": [236, 237]}}, "classes": {"": {"executed_lines": [], "summary": {"covered_lines": 0, "num_statements": 97, "percent_covered": 0.0, "percent_covered_display": "0.00", "missing_lines": 97, "excluded_lines": 2}, "missing_lines": [23, 24, 25, 26, 27, 29, 39, 41, 47, 49, 51, 52, 53, 55, 57, 60, 62, 64, 65, 66, 67, 69, 71, 72, 74, 75, 76, 78, 79, 81, 82, 83, 84, 86, 87, 90, 96, 97, 98, 100, 101, 104, 109, 110, 111, 112, 113, 115, 116, 117, 118, 121, 122, 123, 124, 127, 129, 142, 148, 154, 160, 166, 173, 179, 185, 188, 189, 190, 193, 194, 195, 198, 201, 202, 203, 205, 208, 209, 210, 213, 214, 215, 216, 217, 220, 221, 222, 223, 224, 225, 226, 227, 228, 229, 230, 231, 233], "excluded_lines": [236, 237]}}}, "src/mcp_server/accessibility/__init__.py": {"executed_lines": [2, 47, 52, 58, 63, 69, 89, 90, 91], "summary": {"covered_lines": 8, "num_statements": 8, "percent_covered": 100.0, "percent_covered_display": "100.00", "missing_lines": 0, "excluded_lines": 0}, "missing_lines": [], "excluded_lines": [], "functions": {"": {"executed_lines": [2, 47, 52, 58, 63, 69, 89, 90, 91], "summary": {"covered_lines": 8, "num_statements": 8, "percent_covered": 100.0, "percent_covered_display": "100.00", "missing_lines": 0, "excluded_lines": 0}, "missing_lines": [], "excluded_lines": []}}, "classes": {"": {"executed_lines": [2, 47, 52, 58, 63, 69, 89, 90, 91], "summary": {"covered_lines": 8, "num_statements": 8, "percent_covered": 100.0, "percent_covered_display": "100.00", "missing_lines": 0, "excluded_lines": 0}, "missing_lines": [], "excluded_lines": []}}}, "src/mcp_server/accessibility/label_resolver.py": {"executed_lines": [2, 21, 22, 23, 25, 28, 29, 30, 33, 34, 35, 37, 38, 39, 42, 43, 60, 67, 68, 70, 76, 93, 94, 97, 98, 100, 104, 105, 108, 109, 110, 118, 119, 120, 121, 124, 125, 129, 132, 133, 134, 135, 138, 139, 140, 146, 147, 148, 149, 152, 153, 154, 155, 158, 160, 189, 199, 209, 219, 231, 233, 248, 249, 252, 253, 254, 255, 265, 267, 292, 308, 309, 311, 312, 314, 317, 318, 319, 325, 338, 340, 353, 359, 361, 419, 432, 434, 444, 446, 463, 464, 466], "summary": {"covered_lines": 89, "num_statements": 147, "percent_covered": 60.54421768707483, "percent_covered_display": "60.54", "missing_lines": 58, "excluded_lines": 0}, "missing_lines": [72, 73, 74, 102, 111, 126, 141, 142, 143, 172, 175, 176, 177, 178, 181, 183, 184, 185, 187, 250, 258, 259, 261, 262, 263, 277, 278, 279, 281, 282, 284, 285, 286, 287, 288, 290, 320, 321, 322, 354, 355, 356, 357, 370, 377, 391, 392, 394, 396, 399, 400, 402, 410, 411, 412, 413, 415, 417], "excluded_lines": [], "functions": {"AccessibleNameInfo.__post_init__": {"executed_lines": [38, 39], "summary": {"covered_lines": 2, "num_statements": 2, "percent_covered": 100.0, "percent_covered_display": "100.00", "missing_lines": 0, "excluded_lines": 0}, "missing_lines": [], "excluded_lines": []}, "LabelResolver.__init__": {"executed_lines": [67, 68], "summary": {"covered_lines": 2, "num_statements": 2, "percent_covered": 100.0, "percent_covered_display": "100.00", "missing_lines": 0, "excluded_lines": 0}, "missing_lines": [], "excluded_lines": []}, "LabelResolver._get_cdp_session": {"executed_lines": [], "summary": {"covered_lines": 0, "num_statements": 3, "percent_covered": 0.0, "percent_covered_display": "0.00", "missing_lines": 3, "excluded_lines": 0}, "missing_lines": [72, 73, 74], "excluded_lines": []}, "LabelResolver.get_accessible_name": {"executed_lines": [93, 94, 97, 98, 100, 104, 105, 108, 109, 110, 118, 119, 120, 121, 124, 125, 129, 132, 133, 134, 135, 138, 139, 140, 146, 147, 148, 149, 152, 153, 154, 155, 158], "summary": {"covered_lines": 33, "num_statements": 39, "percent_covered": 84.61538461538461, "percent_covered_display": "84.62", "missing_lines": 6, "excluded_lines": 0}, "missing_lines": [102, 111, 126, 141, 142, 143], "excluded_lines": []}, "LabelResolver.get_accessible_description": {"executed_lines": [], "summary": {"covered_lines": 0, "num_statements": 10, "percent_covered": 0.0, "percent_covered_display": "0.00", "missing_lines": 10, "excluded_lines": 0}, "missing_lines": [172, 175, 176, 177, 178, 181, 183, 184, 185, 187], "excluded_lines": []}, "LabelResolver._get_element_attributes": {"executed_lines": [199], "summary": {"covered_lines": 1, "num_statements": 1, "percent_covered": 100.0, "percent_covered_display": "100.00", "missing_lines": 0, "excluded_lines": 0}, "missing_lines": [], "excluded_lines": []}, "LabelResolver._get_text_content": {"executed_lines": [219, 231], "summary": {"covered_lines": 2, "num_statements": 2, "percent_covered": 100.0, "percent_covered_display": "100.00", "missing_lines": 0, "excluded_lines": 0}, "missing_lines": [], "excluded_lines": []}, "LabelResolver._resolve_aria_labelledby": {"executed_lines": [248, 249, 252, 253, 254, 255, 265], "summary": {"covered_lines": 7, "num_statements": 13, "percent_covered": 53.84615384615385, "percent_covered_display": "53.85", "missing_lines": 6, "excluded_lines": 0}, "missing_lines": [250, 258, 259, 261, 262, 263], "excluded_lines": []}, "LabelResolver._resolve_aria_describedby": {"executed_lines": [], "summary": {"covered_lines": 0, "num_statements": 11, "percent_covered": 0.0, "percent_covered_display": "0.00", "missing_lines": 11, "excluded_lines": 0}, "missing_lines": [277, 278, 279, 281, 282, 284, 285, 286, 287, 288, 290], "excluded_lines": []}, "LabelResolver._find_native_label": {"executed_lines": [308, 309, 311, 312, 314, 317, 318, 319, 325, 338, 340, 353, 359], "summary": {"covered_lines": 13, "num_statements": 20, "percent_covered": 65.0, "percent_covered_display": "65.00", "missing_lines": 7, "excluded_lines": 0}, "missing_lines": [320, 321, 322, 354, 355, 356, 357], "excluded_lines": []}, "LabelResolver.validate_accessible_names": {"executed_lines": [], "summary": {"covered_lines": 0, "num_statements": 15, "percent_covered": 0.0, "percent_covered_display": "0.00", "missing_lines": 15, "excluded_lines": 0}, "missing_lines": [370, 377, 391, 392, 394, 396, 399, 400, 402, 410, 411, 412, 413, 415, 417], "excluded_lines": []}, "LabelResolver.get_accessible_name_from_ax_node": {"executed_lines": [432], "summary": {"covered_lines": 1, "num_statements": 1, "percent_covered": 100.0, "percent_covered_display": "100.00", "missing_lines": 0, "excluded_lines": 0}, "missing_lines": [], "excluded_lines": []}, "LabelResolver.get_description_from_ax_node": {"executed_lines": [444], "summary": {"covered_lines": 1, "num_statements": 1, "percent_covered": 100.0, "percent_covered_display": "100.00", "missing_lines": 0, "excluded_lines": 0}, "missing_lines": [], "excluded_lines": []}, "LabelResolver.compare_computed_vs_browser": {"executed_lines": [463, 464, 466], "summary": {"covered_lines": 3, "num_statements": 3, "percent_covered": 100.0, "percent_covered_display": "100.00", "missing_lines": 0, "excluded_lines": 0}, "missing_lines": [], "excluded_lines": []}, "": {"executed_lines": [2, 21, 22, 23, 25, 28, 29, 30, 33, 34, 35, 37, 42, 43, 60, 70, 76, 160, 189, 209, 233, 267, 292, 361, 419, 434, 446], "summary": {"covered_lines": 24, "num_statements": 24, "percent_covered": 100.0, "percent_covered_display": "100.00", "missing_lines": 0, "excluded_lines": 0}, "missing_lines": [], "excluded_lines": []}}, "classes": {"AccessibleNameInfo": {"executed_lines": [38, 39], "summary": {"covered_lines": 2, "num_statements": 2, "percent_covered": 100.0, "percent_covered_display": "100.00", "missing_lines": 0, "excluded_lines": 0}, "missing_lines": [], "excluded_lines": []}, "LabelResolver": {"executed_lines": [67, 68, 93, 94, 97, 98, 100, 104, 105, 108, 109, 110, 118, 119, 120, 121, 124, 125, 129, 132, 133, 134, 135, 138, 139, 140, 146, 147, 148, 149, 152, 153, 154, 155, 158, 199, 219, 231, 248, 249, 252, 253, 254, 255, 265, 308, 309, 311, 312, 314, 317, 318, 319, 325, 338, 340, 353, 359, 432, 444, 463, 464, 466], "summary": {"covered_lines": 63, "num_statements": 121, "percent_covered": 52.06611570247934, "percent_covered_display": "52.07", "missing_lines": 58, "excluded_lines": 0}, "missing_lines": [72, 73, 74, 102, 111, 126, 141, 142, 143, 172, 175, 176, 177, 178, 181, 183, 184, 185, 187, 250, 258, 259, 261, 262, 263, 277, 278, 279, 281, 282, 284, 285, 286, 287, 288, 290, 320, 321, 322, 354, 355, 356, 357, 370, 377, 391, 392, 394, 396, 399, 400, 402, 410, 411, 412, 413, 415, 417], "excluded_lines": []}, "": {"executed_lines": [2, 21, 22, 23, 25, 28, 29, 30, 33, 34, 35, 37, 42, 43, 60, 70, 76, 160, 189, 209, 233, 267, 292, 361, 419, 434, 446], "summary": {"covered_lines": 24, "num_statements": 24, "percent_covered": 100.0, "percent_covered_display": "100.00", "missing_lines": 0, "excluded_lines": 0}, "missing_lines": [], "excluded_lines": []}}}, "src/mcp_server/accessibility/navigator.py": {"executed_lines": [2, 13, 14, 15, 17, 20, 21, 22, 23, 24, 27, 28, 29, 30, 32, 33, 35, 37, 38, 40, 42, 43, 45, 47, 49, 55, 56, 73, 80, 81, 83, 85, 86, 88, 90, 91, 93, 95, 97, 107, 108, 110, 120, 121, 123, 125, 135, 136, 139, 140, 142, 143, 144, 145, 148, 151, 153, 164, 165, 168, 170, 171, 173, 175, 193, 211, 233, 249, 273, 305, 322, 323, 331, 337, 339, 340, 342, 343, 344, 346, 348, 365, 385, 421, 436, 451, 464, 478, 491, 532], "summary": {"covered_lines": 86, "num_statements": 212, "percent_covered": 40.56603773584906, "percent_covered_display": "40.57", "missing_lines": 126, "excluded_lines": 0}, "missing_lines": [149, 166, 185, 187, 188, 189, 191, 203, 205, 206, 207, 209, 221, 222, 224, 225, 226, 227, 228, 229, 231, 243, 244, 245, 247, 260, 261, 264, 265, 266, 267, 269, 271, 290, 292, 293, 294, 296, 297, 298, 299, 300, 302, 303, 324, 325, 326, 327, 329, 354, 356, 357, 358, 360, 361, 363, 371, 372, 374, 375, 377, 378, 380, 381, 383, 404, 406, 407, 410, 411, 414, 415, 417, 419, 431, 446, 461, 462, 475, 476, 489, 498, 500, 501, 502, 503, 504, 505, 507, 509, 510, 513, 514, 515, 516, 517, 518, 519, 520, 522, 549, 550, 552, 554, 555, 556, 559, 560, 561, 563, 564, 566, 567, 569, 570, 571, 572, 574, 577, 578, 579, 580, 581, 583, 585, 586], "excluded_lines": [], "functions": {"TreePath.depth": {"executed_lines": [35], "summary": {"covered_lines": 1, "num_statements": 1, "percent_covered": 100.0, "percent_covered_display": "100.00", "missing_lines": 0, "excluded_lines": 0}, "missing_lines": [], "excluded_lines": []}, "TreePath.leaf": {"executed_lines": [40], "summary": {"covered_lines": 1, "num_statements": 1, "percent_covered": 100.0, "percent_covered_display": "100.00", "missing_lines": 0, "excluded_lines": 0}, "missing_lines": [], "excluded_lines": []}, "TreePath.root": {"executed_lines": [45], "summary": {"covered_lines": 1, "num_statements": 1, "percent_covered": 100.0, "percent_covered_display": "100.00", "missing_lines": 0, "excluded_lines": 0}, "missing_lines": [], "excluded_lines": []}, "TreePath.to_string": {"executed_lines": [49], "summary": {"covered_lines": 1, "num_statements": 1, "percent_covered": 100.0, "percent_covered_display": "100.00", "missing_lines": 0, "excluded_lines": 0}, "missing_lines": [], "excluded_lines": []}, "AccessibilityNavigator.__init__": {"executed_lines": [80, 81], "summary": {"covered_lines": 2, "num_statements": 2, "percent_covered": 100.0, "percent_covered_display": "100.00", "missing_lines": 0, "excluded_lines": 0}, "missing_lines": [], "excluded_lines": []}, "AccessibilityNavigator._build_node_cache": {"executed_lines": [85, 86], "summary": {"covered_lines": 2, "num_statements": 2, "percent_covered": 100.0, "percent_covered_display": "100.00", "missing_lines": 0, "excluded_lines": 0}, "missing_lines": [], "excluded_lines": []}, "AccessibilityNavigator._ensure_cache": {"executed_lines": [90, 91], "summary": {"covered_lines": 2, "num_statements": 2, "percent_covered": 100.0, "percent_covered_display": "100.00", "missing_lines": 0, "excluded_lines": 0}, "missing_lines": [], "excluded_lines": []}, "AccessibilityNavigator.clear_cache": {"executed_lines": [95], "summary": {"covered_lines": 1, "num_statements": 1, "percent_covered": 100.0, "percent_covered_display": "100.00", "missing_lines": 0, "excluded_lines": 0}, "missing_lines": [], "excluded_lines": []}, "AccessibilityNavigator.get_node_by_id": {"executed_lines": [107, 108], "summary": {"covered_lines": 2, "num_statements": 2, "percent_covered": 100.0, "percent_covered_display": "100.00", "missing_lines": 0, "excluded_lines": 0}, "missing_lines": [], "excluded_lines": []}, "AccessibilityNavigator.get_parent": {"executed_lines": [120, 121, 123], "summary": {"covered_lines": 3, "num_statements": 3, "percent_covered": 100.0, "percent_covered_display": "100.00", "missing_lines": 0, "excluded_lines": 0}, "missing_lines": [], "excluded_lines": []}, "AccessibilityNavigator.get_children": {"executed_lines": [135, 136, 139, 140, 142, 143, 144, 145, 148, 151], "summary": {"covered_lines": 10, "num_statements": 11, "percent_covered": 90.9090909090909, "percent_covered_display": "90.91", "missing_lines": 1, "excluded_lines": 0}, "missing_lines": [149], "excluded_lines": []}, "AccessibilityNavigator.get_siblings": {"executed_lines": [164, 165, 168, 170, 171, 173], "summary": {"covered_lines": 6, "num_statements": 7, "percent_covered": 85.71428571428571, "percent_covered_display": "85.71", "missing_lines": 1, "excluded_lines": 0}, "missing_lines": [166], "excluded_lines": []}, "AccessibilityNavigator.get_previous_sibling": {"executed_lines": [], "summary": {"covered_lines": 0, "num_statements": 5, "percent_covered": 0.0, "percent_covered_display": "0.00", "missing_lines": 5, "excluded_lines": 0}, "missing_lines": [185, 187, 188, 189, 191], "excluded_lines": []}, "AccessibilityNavigator.get_next_sibling": {"executed_lines": [], "summary": {"covered_lines": 0, "num_statements": 5, "percent_covered": 0.0, "percent_covered_display": "0.00", "missing_lines": 5, "excluded_lines": 0}, "missing_lines": [203, 205, 206, 207, 209], "excluded_lines": []}, "AccessibilityNavigator.get_ancestors": {"executed_lines": [], "summary": {"covered_lines": 0, "num_statements": 9, "percent_covered": 0.0, "percent_covered_display": "0.00", "missing_lines": 9, "excluded_lines": 0}, "missing_lines": [221, 222, 224, 225, 226, 227, 228, 229, 231], "excluded_lines": []}, "AccessibilityNavigator.get_path_to_node": {"executed_lines": [], "summary": {"covered_lines": 0, "num_statements": 4, "percent_covered": 0.0, "percent_covered_display": "0.00", "missing_lines": 4, "excluded_lines": 0}, "missing_lines": [243, 244, 245, 247], "excluded_lines": []}, "AccessibilityNavigator.get_common_ancestor": {"executed_lines": [], "summary": {"covered_lines": 0, "num_statements": 8, "percent_covered": 0.0, "percent_covered_display": "0.00", "missing_lines": 8, "excluded_lines": 0}, "missing_lines": [260, 261, 264, 265, 266, 267, 269, 271], "excluded_lines": []}, "AccessibilityNavigator.get_descendants": {"executed_lines": [], "summary": {"covered_lines": 0, "num_statements": 4, "percent_covered": 0.0, "percent_covered_display": "0.00", "missing_lines": 4, "excluded_lines": 0}, "missing_lines": [290, 292, 302, 303], "excluded_lines": []}, "AccessibilityNavigator.get_descendants.traverse": {"executed_lines": [], "summary": {"covered_lines": 0, "num_statements": 7, "percent_covered": 0.0, "percent_covered_display": "0.00", "missing_lines": 7, "excluded_lines": 0}, "missing_lines": [293, 294, 296, 297, 298, 299, 300], "excluded_lines": []}, "AccessibilityNavigator.traverse": {"executed_lines": [322, 323], "summary": {"covered_lines": 2, "num_statements": 7, "percent_covered": 28.571428571428573, "percent_covered_display": "28.57", "missing_lines": 5, "excluded_lines": 0}, "missing_lines": [324, 325, 326, 327, 329], "excluded_lines": []}, "AccessibilityNavigator._traverse_pre_order": {"executed_lines": [337, 339, 340, 342, 343, 344, 346], "summary": {"covered_lines": 7, "num_statements": 7, "percent_covered": 100.0, "percent_covered_display": "100.00", "missing_lines": 0, "excluded_lines": 0}, "missing_lines": [], "excluded_lines": []}, "AccessibilityNavigator._traverse_post_order": {"executed_lines": [], "summary": {"covered_lines": 0, "num_statements": 7, "percent_covered": 0.0, "percent_covered_display": "0.00", "missing_lines": 7, "excluded_lines": 0}, "missing_lines": [354, 356, 357, 358, 360, 361, 363], "excluded_lines": []}, "AccessibilityNavigator._traverse_level_order": {"executed_lines": [], "summary": {"covered_lines": 0, "num_statements": 9, "percent_covered": 0.0, "percent_covered_display": "0.00", "missing_lines": 9, "excluded_lines": 0}, "missing_lines": [371, 372, 374, 375, 377, 378, 380, 381, 383], "excluded_lines": []}, "AccessibilityNavigator.find_in_subtree": {"executed_lines": [], "summary": {"covered_lines": 0, "num_statements": 2, "percent_covered": 0.0, "percent_covered_display": "0.00", "missing_lines": 2, "excluded_lines": 0}, "missing_lines": [404, 419], "excluded_lines": []}, "AccessibilityNavigator.find_in_subtree.combined_filter": {"executed_lines": [], "summary": {"covered_lines": 0, "num_statements": 7, "percent_covered": 0.0, "percent_covered_display": "0.00", "missing_lines": 7, "excluded_lines": 0}, "missing_lines": [406, 407, 410, 411, 414, 415, 417], "excluded_lines": []}, "AccessibilityNavigator.get_interactable_descendants": {"executed_lines": [], "summary": {"covered_lines": 0, "num_statements": 1, "percent_covered": 0.0, "percent_covered_display": "0.00", "missing_lines": 1, "excluded_lines": 0}, "missing_lines": [431], "excluded_lines": []}, "AccessibilityNavigator.get_visible_descendants": {"executed_lines": [], "summary": {"covered_lines": 0, "num_statements": 1, "percent_covered": 0.0, "percent_covered_display": "0.00", "missing_lines": 1, "excluded_lines": 0}, "missing_lines": [446], "excluded_lines": []}, "AccessibilityNavigator.get_depth": {"executed_lines": [], "summary": {"covered_lines": 0, "num_statements": 2, "percent_covered": 0.0, "percent_covered_display": "0.00", "missing_lines": 2, "excluded_lines": 0}, "missing_lines": [461, 462], "excluded_lines": []}, "AccessibilityNavigator.is_ancestor_of": {"executed_lines": [], "summary": {"covered_lines": 0, "num_statements": 2, "percent_covered": 0.0, "percent_covered_display": "0.00", "missing_lines": 2, "excluded_lines": 0}, "missing_lines": [475, 476], "excluded_lines": []}, "AccessibilityNavigator.is_descendant_of": {"executed_lines": [], "summary": {"covered_lines": 0, "num_statements": 1, "percent_covered": 0.0, "percent_covered_display": "0.00", "missing_lines": 1, "excluded_lines": 0}, "missing_lines": [489], "excluded_lines": []}, "AccessibilityNavigator.get_tree_statistics": {"executed_lines": [], "summary": {"covered_lines": 0, "num_statements": 19, "percent_covered": 0.0, "percent_covered_display": "0.00", "missing_lines": 19, "excluded_lines": 0}, "missing_lines": [498, 500, 501, 502, 503, 504, 505, 507, 509, 510, 513, 514, 515, 516, 517, 518, 519, 520, 522], "excluded_lines": []}, "AccessibilityNavigator.print_tree": {"executed_lines": [], "summary": {"covered_lines": 0, "num_statements": 6, "percent_covered": 0.0, "percent_covered_display": "0.00", "missing_lines": 6, "excluded_lines": 0}, "missing_lines": [549, 550, 552, 554, 585, 586], "excluded_lines": []}, "AccessibilityNavigator.print_tree.print_node": {"executed_lines": [], "summary": {"covered_lines": 0, "num_statements": 20, "percent_covered": 0.0, "percent_covered_display": "0.00", "missing_lines": 20, "excluded_lines": 0}, "missing_lines": [555, 556, 559, 560, 561, 563, 564, 566, 567, 569, 570, 571, 572, 574, 577, 578, 579, 580, 581, 583], "excluded_lines": []}, "": {"executed_lines": [2, 13, 14, 15, 17, 20, 21, 22, 23, 24, 27, 28, 29, 30, 32, 33, 37, 38, 42, 43, 47, 55, 56, 73, 83, 88, 93, 97, 110, 125, 153, 175, 193, 211, 233, 249, 273, 305, 331, 348, 365, 385, 421, 436, 451, 464, 478, 491, 532], "summary": {"covered_lines": 45, "num_statements": 45, "percent_covered": 100.0, "percent_covered_display": "100.00", "missing_lines": 0, "excluded_lines": 0}, "missing_lines": [], "excluded_lines": []}}, "classes": {"TraversalOrder": {"executed_lines": [], "summary": {"covered_lines": 0, "num_statements": 0, "percent_covered": 100.0, "percent_covered_display": "100.00", "missing_lines": 0, "excluded_lines": 0}, "missing_lines": [], "excluded_lines": []}, "TreePath": {"executed_lines": [35, 40, 45, 49], "summary": {"covered_lines": 4, "num_statements": 4, "percent_covered": 100.0, "percent_covered_display": "100.00", "missing_lines": 0, "excluded_lines": 0}, "missing_lines": [], "excluded_lines": []}, "AccessibilityNavigator": {"executed_lines": [80, 81, 85, 86, 90, 91, 95, 107, 108, 120, 121, 123, 135, 136, 139, 140, 142, 143, 144, 145, 148, 151, 164, 165, 168, 170, 171, 173, 322, 323, 337, 339, 340, 342, 343, 344, 346], "summary": {"covered_lines": 37, "num_statements": 163, "percent_covered": 22.699386503067483, "percent_covered_display": "22.70", "missing_lines": 126, "excluded_lines": 0}, "missing_lines": [149, 166, 185, 187, 188, 189, 191, 203, 205, 206, 207, 209, 221, 222, 224, 225, 226, 227, 228, 229, 231, 243, 244, 245, 247, 260, 261, 264, 265, 266, 267, 269, 271, 290, 292, 293, 294, 296, 297, 298, 299, 300, 302, 303, 324, 325, 326, 327, 329, 354, 356, 357, 358, 360, 361, 363, 371, 372, 374, 375, 377, 378, 380, 381, 383, 404, 406, 407, 410, 411, 414, 415, 417, 419, 431, 446, 461, 462, 475, 476, 489, 498, 500, 501, 502, 503, 504, 505, 507, 509, 510, 513, 514, 515, 516, 517, 518, 519, 520, 522, 549, 550, 552, 554, 555, 556, 559, 560, 561, 563, 564, 566, 567, 569, 570, 571, 572, 574, 577, 578, 579, 580, 581, 583, 585, 586], "excluded_lines": []}, "": {"executed_lines": [2, 13, 14, 15, 17, 20, 21, 22, 23, 24, 27, 28, 29, 30, 32, 33, 37, 38, 42, 43, 47, 55, 56, 73, 83, 88, 93, 97, 110, 125, 153, 175, 193, 211, 233, 249, 273, 305, 331, 348, 365, 385, 421, 436, 451, 464, 478, 491, 532], "summary": {"covered_lines": 45, "num_statements": 45, "percent_covered": 100.0, "percent_covered_display": "100.00", "missing_lines": 0, "excluded_lines": 0}, "missing_lines": [], "excluded_lines": []}}}, "src/mcp_server/accessibility/role_finder.py": {"executed_lines": [2, 13, 14, 15, 17, 20, 21, 27, 28, 29, 30, 31, 32, 33, 34, 35, 36, 37, 38, 39, 40, 41, 42, 45, 46, 47, 48, 49, 50, 51, 52, 55, 56, 57, 58, 59, 60, 61, 62, 63, 64, 65, 66, 67, 68, 69, 70, 71, 72, 73, 74, 77, 78, 79, 80, 81, 82, 83, 86, 87, 88, 89, 90, 93, 94, 97, 98, 99, 100, 101, 102, 103, 104, 105, 108, 109, 110, 111, 112, 113, 114, 117, 118, 120, 131, 132, 133, 136, 137, 140, 141, 142, 144, 145, 149, 153, 158, 159, 161, 164, 167, 170, 173, 176, 180, 183, 184, 186, 189, 190, 203, 210, 212, 229, 231, 232, 234, 235, 237, 239, 262, 264, 266, 267, 269, 270, 272, 275, 281, 286, 305, 306, 320, 322, 335, 336, 342, 344, 375, 386, 392, 403, 409, 430, 451, 467, 483, 502, 504, 505, 507, 508, 509, 510, 513, 515, 517, 528, 529, 532], "summary": {"covered_lines": 156, "num_statements": 189, "percent_covered": 82.53968253968254, "percent_covered_display": "82.54", "missing_lines": 33, "excluded_lines": 0}, "missing_lines": [138, 146, 150, 151, 154, 155, 162, 165, 168, 171, 174, 177, 181, 314, 339, 340, 366, 367, 370, 373, 420, 425, 426, 428, 440, 442, 443, 449, 461, 465, 477, 481, 530], "excluded_lines": [], "functions": {"SearchCriteria.matches": {"executed_lines": [131, 132, 133, 136, 137, 140, 141, 142, 144, 145, 149, 153, 158, 159, 161, 164, 167, 170, 173, 176, 180, 183, 184, 186], "summary": {"covered_lines": 24, "num_statements": 37, "percent_covered": 64.86486486486487, "percent_covered_display": "64.86", "missing_lines": 13, "excluded_lines": 0}, "missing_lines": [138, 146, 150, 151, 154, 155, 162, 165, 168, 171, 174, 177, 181], "excluded_lines": []}, "RoleFinder.__init__": {"executed_lines": [210], "summary": {"covered_lines": 1, "num_statements": 1, "percent_covered": 100.0, "percent_covered_display": "100.00", "missing_lines": 0, "excluded_lines": 0}, "missing_lines": [], "excluded_lines": []}, "RoleFinder.find_by_role": {"executed_lines": [229, 231, 232, 234, 235, 237], "summary": {"covered_lines": 6, "num_statements": 6, "percent_covered": 100.0, "percent_covered_display": "100.00", "missing_lines": 0, "excluded_lines": 0}, "missing_lines": [], "excluded_lines": []}, "RoleFinder.find_by_role_and_name": {"executed_lines": [262, 264, 266, 267, 269, 270, 272, 275, 281], "summary": {"covered_lines": 9, "num_statements": 9, "percent_covered": 100.0, "percent_covered_display": "100.00", "missing_lines": 0, "excluded_lines": 0}, "missing_lines": [], "excluded_lines": []}, "RoleFinder.find_one": {"executed_lines": [305, 306, 320], "summary": {"covered_lines": 3, "num_statements": 4, "percent_covered": 75.0, "percent_covered_display": "75.00", "missing_lines": 1, "excluded_lines": 0}, "missing_lines": [314], "excluded_lines": []}, "RoleFinder.find_interactable": {"executed_lines": [335, 336, 342], "summary": {"covered_lines": 3, "num_statements": 5, "percent_covered": 60.0, "percent_covered_display": "60.00", "missing_lines": 2, "excluded_lines": 0}, "missing_lines": [339, 340], "excluded_lines": []}, "RoleFinder.find_by_criteria": {"executed_lines": [], "summary": {"covered_lines": 0, "num_statements": 4, "percent_covered": 0.0, "percent_covered_display": "0.00", "missing_lines": 4, "excluded_lines": 0}, "missing_lines": [366, 367, 370, 373], "excluded_lines": []}, "RoleFinder.find_buttons_by_text": {"executed_lines": [386], "summary": {"covered_lines": 1, "num_statements": 1, "percent_covered": 100.0, "percent_covered_display": "100.00", "missing_lines": 0, "excluded_lines": 0}, "missing_lines": [], "excluded_lines": []}, "RoleFinder.find_links_by_text": {"executed_lines": [403], "summary": {"covered_lines": 1, "num_statements": 1, "percent_covered": 100.0, "percent_covered_display": "100.00", "missing_lines": 0, "excluded_lines": 0}, "missing_lines": [], "excluded_lines": []}, "RoleFinder.find_headings": {"executed_lines": [], "summary": {"covered_lines": 0, "num_statements": 4, "percent_covered": 0.0, "percent_covered_display": "0.00", "missing_lines": 4, "excluded_lines": 0}, "missing_lines": [420, 425, 426, 428], "excluded_lines": []}, "RoleFinder.find_textboxes": {"executed_lines": [], "summary": {"covered_lines": 0, "num_statements": 4, "percent_covered": 0.0, "percent_covered_display": "0.00", "missing_lines": 4, "excluded_lines": 0}, "missing_lines": [440, 442, 443, 449], "excluded_lines": []}, "RoleFinder.find_checked_items": {"executed_lines": [], "summary": {"covered_lines": 0, "num_statements": 2, "percent_covered": 0.0, "percent_covered_display": "0.00", "missing_lines": 2, "excluded_lines": 0}, "missing_lines": [461, 465], "excluded_lines": []}, "RoleFinder.find_expanded_items": {"executed_lines": [], "summary": {"covered_lines": 0, "num_statements": 2, "percent_covered": 0.0, "percent_covered_display": "0.00", "missing_lines": 2, "excluded_lines": 0}, "missing_lines": [477, 481], "excluded_lines": []}, "RoleFinder.verify_element_exists": {"executed_lines": [502, 504, 505, 507, 508, 509, 510, 513, 515], "summary": {"covered_lines": 9, "num_statements": 9, "percent_covered": 100.0, "percent_covered_display": "100.00", "missing_lines": 0, "excluded_lines": 0}, "missing_lines": [], "excluded_lines": []}, "RoleFinder.get_element_state": {"executed_lines": [528, 529, 532], "summary": {"covered_lines": 3, "num_statements": 4, "percent_covered": 75.0, "percent_covered_display": "75.00", "missing_lines": 1, "excluded_lines": 0}, "missing_lines": [530], "excluded_lines": []}, "": {"executed_lines": [2, 13, 14, 15, 17, 20, 21, 27, 28, 29, 30, 31, 32, 33, 34, 35, 36, 37, 38, 39, 40, 41, 42, 45, 46, 47, 48, 49, 50, 51, 52, 55, 56, 57, 58, 59, 60, 61, 62, 63, 64, 65, 66, 67, 68, 69, 70, 71, 72, 73, 74, 77, 78, 79, 80, 81, 82, 83, 86, 87, 88, 89, 90, 93, 94, 97, 98, 99, 100, 101, 102, 103, 104, 105, 108, 109, 110, 111, 112, 113, 114, 117, 118, 120, 189, 190, 203, 212, 239, 286, 322, 344, 375, 392, 409, 430, 451, 467, 483, 517], "summary": {"covered_lines": 96, "num_statements": 96, "percent_covered": 100.0, "percent_covered_display": "100.00", "missing_lines": 0, "excluded_lines": 0}, "missing_lines": [], "excluded_lines": []}}, "classes": {"RoleType": {"executed_lines": [], "summary": {"covered_lines": 0, "num_statements": 0, "percent_covered": 100.0, "percent_covered_display": "100.00", "missing_lines": 0, "excluded_lines": 0}, "missing_lines": [], "excluded_lines": []}, "SearchCriteria": {"executed_lines": [131, 132, 133, 136, 137, 140, 141, 142, 144, 145, 149, 153, 158, 159, 161, 164, 167, 170, 173, 176, 180, 183, 184, 186], "summary": {"covered_lines": 24, "num_statements": 37, "percent_covered": 64.86486486486487, "percent_covered_display": "64.86", "missing_lines": 13, "excluded_lines": 0}, "missing_lines": [138, 146, 150, 151, 154, 155, 162, 165, 168, 171, 174, 177, 181], "excluded_lines": []}, "RoleFinder": {"executed_lines": [210, 229, 231, 232, 234, 235, 237, 262, 264, 266, 267, 269, 270, 272, 275, 281, 305, 306, 320, 335, 336, 342, 386, 403, 502, 504, 505, 507, 508, 509, 510, 513, 515, 528, 529, 532], "summary": {"covered_lines": 36, "num_statements": 56, "percent_covered": 64.28571428571429, "percent_covered_display": "64.29", "missing_lines": 20, "excluded_lines": 0}, "missing_lines": [314, 339, 340, 366, 367, 370, 373, 420, 425, 426, 428, 440, 442, 443, 449, 461, 465, 477, 481, 530], "excluded_lines": []}, "": {"executed_lines": [2, 13, 14, 15, 17, 20, 21, 27, 28, 29, 30, 31, 32, 33, 34, 35, 36, 37, 38, 39, 40, 41, 42, 45, 46, 47, 48, 49, 50, 51, 52, 55, 56, 57, 58, 59, 60, 61, 62, 63, 64, 65, 66, 67, 68, 69, 70, 71, 72, 73, 74, 77, 78, 79, 80, 81, 82, 83, 86, 87, 88, 89, 90, 93, 94, 97, 98, 99, 100, 101, 102, 103, 104, 105, 108, 109, 110, 111, 112, 113, 114, 117, 118, 120, 189, 190, 203, 212, 239, 286, 322, 344, 375, 392, 409, 430, 451, 467, 483, 517], "summary": {"covered_lines": 96, "num_statements": 96, "percent_covered": 100.0, "percent_covered_display": "100.00", "missing_lines": 0, "excluded_lines": 0}, "missing_lines": [], "excluded_lines": []}}}, "src/mcp_server/accessibility/tree_extractor.py": {"executed_lines": [2, 13, 14, 15, 18, 19, 20, 27, 28, 29, 30, 33, 34, 35, 36, 39, 40, 41, 42, 43, 44, 47, 48, 49, 50, 51, 54, 55, 56, 59, 60, 61, 62, 63, 64, 67, 68, 69, 72, 74, 75, 86, 87, 88, 89, 90, 91, 95, 96, 97, 98, 99, 101, 104, 105, 106, 107, 108, 110, 112, 147, 149, 150, 153, 159, 162, 163, 166, 167, 184, 191, 192, 193, 195, 197, 198, 199, 201, 210, 211, 213, 214, 215, 217, 221, 222, 224, 225, 226, 228, 241, 242, 244, 246, 247, 248, 250, 251, 253, 270, 273, 275, 276, 277, 278, 281, 282, 284, 305, 308, 310, 312, 313, 314, 316, 319, 321, 322, 324, 347, 370, 373, 375, 378, 379, 380, 381, 384, 386, 388, 391, 392, 394, 404, 408, 410, 424, 427, 430, 432, 434, 441, 442, 443, 446, 452, 456, 458, 459, 461, 463, 464], "summary": {"covered_lines": 147, "num_statements": 168, "percent_covered": 87.5, "percent_covered_display": "87.50", "missing_lines": 21, "excluded_lines": 3}, "missing_lines": [92, 271, 279, 306, 315, 317, 335, 336, 338, 340, 341, 342, 344, 345, 371, 385, 387, 389, 425, 448, 450], "excluded_lines": [162, 163, 454], "functions": {"AXNode.from_cdp": {"executed_lines": [86, 95, 96, 97, 98, 99, 101, 104, 105, 106, 107, 108, 110, 112], "summary": {"covered_lines": 14, "num_statements": 14, "percent_covered": 100.0, "percent_covered_display": "100.00", "missing_lines": 0, "excluded_lines": 0}, "missing_lines": [], "excluded_lines": []}, "AXNode.from_cdp.get_value": {"executed_lines": [87, 88, 89, 90, 91], "summary": {"covered_lines": 5, "num_statements": 6, "percent_covered": 83.33333333333333, "percent_covered_display": "83.33", "missing_lines": 1, "excluded_lines": 0}, "missing_lines": [92], "excluded_lines": []}, "AXNode.is_interactable": {"executed_lines": [149, 150, 153, 159], "summary": {"covered_lines": 4, "num_statements": 4, "percent_covered": 100.0, "percent_covered_display": "100.00", "missing_lines": 0, "excluded_lines": 0}, "missing_lines": [], "excluded_lines": []}, "AXNode.__repr__": {"executed_lines": [163], "summary": {"covered_lines": 0, "num_statements": 0, "percent_covered": 100.0, "percent_covered_display": "100.00", "missing_lines": 0, "excluded_lines": 1}, "missing_lines": [], "excluded_lines": [163]}, "AccessibilityTreeExtractor.__init__": {"executed_lines": [191, 192, 193], "summary": {"covered_lines": 3, "num_statements": 3, "percent_covered": 100.0, "percent_covered_display": "100.00", "missing_lines": 0, "excluded_lines": 0}, "missing_lines": [], "excluded_lines": []}, "AccessibilityTreeExtractor._get_cdp_session": {"executed_lines": [197, 198, 199], "summary": {"covered_lines": 3, "num_statements": 3, "percent_covered": 100.0, "percent_covered_display": "100.00", "missing_lines": 0, "excluded_lines": 0}, "missing_lines": [], "excluded_lines": []}, "AccessibilityTreeExtractor.enable": {"executed_lines": [210, 211, 213, 214, 215], "summary": {"covered_lines": 5, "num_statements": 5, "percent_covered": 100.0, "percent_covered_display": "100.00", "missing_lines": 0, "excluded_lines": 0}, "missing_lines": [], "excluded_lines": []}, "AccessibilityTreeExtractor.disable": {"executed_lines": [221, 222, 224, 225, 226], "summary": {"covered_lines": 5, "num_statements": 5, "percent_covered": 100.0, "percent_covered_display": "100.00", "missing_lines": 0, "excluded_lines": 0}, "missing_lines": [], "excluded_lines": []}, "AccessibilityTreeExtractor.get_root_node": {"executed_lines": [241, 242, 244, 246, 247, 248, 250, 251], "summary": {"covered_lines": 8, "num_statements": 8, "percent_covered": 100.0, "percent_covered_display": "100.00", "missing_lines": 0, "excluded_lines": 0}, "missing_lines": [], "excluded_lines": []}, "AccessibilityTreeExtractor.get_full_tree": {"executed_lines": [270, 273, 275, 276, 277, 278, 281, 282], "summary": {"covered_lines": 8, "num_statements": 10, "percent_covered": 80.0, "percent_covered_display": "80.00", "missing_lines": 2, "excluded_lines": 0}, "missing_lines": [271, 279], "excluded_lines": []}, "AccessibilityTreeExtractor.get_partial_tree": {"executed_lines": [305, 308, 310, 312, 313, 314, 316, 319, 321, 322], "summary": {"covered_lines": 10, "num_statements": 13, "percent_covered": 76.92307692307692, "percent_covered_display": "76.92", "missing_lines": 3, "excluded_lines": 0}, "missing_lines": [306, 315, 317], "excluded_lines": []}, "AccessibilityTreeExtractor.get_child_nodes": {"executed_lines": [], "summary": {"covered_lines": 0, "num_statements": 8, "percent_covered": 0.0, "percent_covered_display": "0.00", "missing_lines": 8, "excluded_lines": 0}, "missing_lines": [335, 336, 338, 340, 341, 342, 344, 345], "excluded_lines": []}, "AccessibilityTreeExtractor.query_tree": {"executed_lines": [370, 373, 375, 378, 379, 380, 381, 384, 386, 388, 391, 392], "summary": {"covered_lines": 12, "num_statements": 16, "percent_covered": 75.0, "percent_covered_display": "75.00", "missing_lines": 4, "excluded_lines": 0}, "missing_lines": [371, 385, 387, 389], "excluded_lines": []}, "AccessibilityTreeExtractor.get_node_for_backend_id": {"executed_lines": [404, 408], "summary": {"covered_lines": 2, "num_statements": 2, "percent_covered": 100.0, "percent_covered_display": "100.00", "missing_lines": 0, "excluded_lines": 0}, "missing_lines": [], "excluded_lines": []}, "AccessibilityTreeExtractor.get_node_at_coordinates": {"executed_lines": [424, 427, 430, 432, 434, 441, 442, 443, 446], "summary": {"covered_lines": 9, "num_statements": 12, "percent_covered": 75.0, "percent_covered_display": "75.00", "missing_lines": 3, "excluded_lines": 0}, "missing_lines": [425, 448, 450], "excluded_lines": []}, "AccessibilityTreeExtractor.__enter__": {"executed_lines": [], "summary": {"covered_lines": 0, "num_statements": 0, "percent_covered": 100.0, "percent_covered_display": "100.00", "missing_lines": 0, "excluded_lines": 1}, "missing_lines": [], "excluded_lines": [454]}, "AccessibilityTreeExtractor.__aenter__": {"executed_lines": [458, 459], "summary": {"covered_lines": 2, "num_statements": 2, "percent_covered": 100.0, "percent_covered_display": "100.00", "missing_lines": 0, "excluded_lines": 0}, "missing_lines": [], "excluded_lines": []}, "AccessibilityTreeExtractor.__aexit__": {"executed_lines": [463, 464], "summary": {"covered_lines": 2, "num_statements": 2, "percent_covered": 100.0, "percent_covered_display": "100.00", "missing_lines": 0, "excluded_lines": 0}, "missing_lines": [], "excluded_lines": []}, "": {"executed_lines": [2, 13, 14, 15, 18, 19, 20, 27, 28, 29, 30, 33, 34, 35, 36, 39, 40, 41, 42, 43, 44, 47, 48, 49, 50, 51, 54, 55, 56, 59, 60, 61, 62, 63, 64, 67, 68, 69, 72, 74, 75, 147, 162, 166, 167, 184, 195, 201, 217, 228, 253, 284, 324, 347, 394, 410, 452, 456, 461], "summary": {"covered_lines": 55, "num_statements": 55, "percent_covered": 100.0, "percent_covered_display": "100.00", "missing_lines": 0, "excluded_lines": 1}, "missing_lines": [], "excluded_lines": [162]}}, "classes": {"AXNode": {"executed_lines": [86, 87, 88, 89, 90, 91, 95, 96, 97, 98, 99, 101, 104, 105, 106, 107, 108, 110, 112, 149, 150, 153, 159, 163], "summary": {"covered_lines": 23, "num_statements": 24, "percent_covered": 95.83333333333333, "percent_covered_display": "95.83", "missing_lines": 1, "excluded_lines": 1}, "missing_lines": [92], "excluded_lines": [163]}, "AccessibilityTreeExtractor": {"executed_lines": [191, 192, 193, 197, 198, 199, 210, 211, 213, 214, 215, 221, 222, 224, 225, 226, 241, 242, 244, 246, 247, 248, 250, 251, 270, 273, 275, 276, 277, 278, 281, 282, 305, 308, 310, 312, 313, 314, 316, 319, 321, 322, 370, 373, 375, 378, 379, 380, 381, 384, 386, 388, 391, 392, 404, 408, 424, 427, 430, 432, 434, 441, 442, 443, 446, 458, 459, 463, 464], "summary": {"covered_lines": 69, "num_statements": 89, "percent_covered": 77.52808988764045, "percent_covered_display": "77.53", "missing_lines": 20, "excluded_lines": 1}, "missing_lines": [271, 279, 306, 315, 317, 335, 336, 338, 340, 341, 342, 344, 345, 371, 385, 387, 389, 425, 448, 450], "excluded_lines": [454]}, "": {"executed_lines": [2, 13, 14, 15, 18, 19, 20, 27, 28, 29, 30, 33, 34, 35, 36, 39, 40, 41, 42, 43, 44, 47, 48, 49, 50, 51, 54, 55, 56, 59, 60, 61, 62, 63, 64, 67, 68, 69, 72, 74, 75, 147, 162, 166, 167, 184, 195, 201, 217, 228, 253, 284, 324, 347, 394, 410, 452, 456, 461], "summary": {"covered_lines": 55, "num_statements": 55, "percent_covered": 100.0, "percent_covered_display": "100.00", "missing_lines": 0, "excluded_lines": 1}, "missing_lines": [], "excluded_lines": [162]}}}, "src/mcp_server/core/__init__.py": {"executed_lines": [1, 28, 29, 32, 41, 57, 64, 72, 110], "summary": {"covered_lines": 8, "num_statements": 9, "percent_covered": 88.88888888888889, "percent_covered_display": "88.89", "missing_lines": 1, "excluded_lines": 0}, "missing_lines": [112], "excluded_lines": [], "functions": {"get_info": {"executed_lines": [], "summary": {"covered_lines": 0, "num_statements": 1, "percent_covered": 0.0, "percent_covered_display": "0.00", "missing_lines": 1, "excluded_lines": 0}, "missing_lines": [112], "excluded_lines": []}, "": {"executed_lines": [1, 28, 29, 32, 41, 57, 64, 72, 110], "summary": {"covered_lines": 8, "num_statements": 8, "percent_covered": 100.0, "percent_covered_display": "100.00", "missing_lines": 0, "excluded_lines": 0}, "missing_lines": [], "excluded_lines": []}}, "classes": {"": {"executed_lines": [1, 28, 29, 32, 41, 57, 64, 72, 110], "summary": {"covered_lines": 8, "num_statements": 9, "percent_covered": 88.88888888888889, "percent_covered_display": "88.89", "missing_lines": 1, "excluded_lines": 0}, "missing_lines": [112], "excluded_lines": []}}}, "src/mcp_server/core/config.py": {"executed_lines": [1, 8, 9, 10, 11, 12, 13, 16, 17, 18, 21, 22, 25, 26, 27, 30, 31, 32, 35, 36, 37, 40, 41, 42, 45, 46, 47, 50, 51, 52, 53, 56, 57, 58, 61, 62, 63, 66, 67, 68, 70, 73, 75, 77, 81, 82, 83, 86, 87, 90, 93, 94, 97, 100, 103, 106, 109, 112, 113, 115, 143, 144, 150, 159, 166, 168, 169, 172, 175, 176, 177, 178, 179, 182, 188, 191, 192, 193, 196, 197, 200, 203, 204, 207, 210, 212, 224, 225, 227, 229, 230, 231, 233, 238, 242, 247, 253, 269, 272, 275, 277, 280, 283, 284], "summary": {"covered_lines": 100, "num_statements": 136, "percent_covered": 73.52941176470588, "percent_covered_display": "73.53", "missing_lines": 36, "excluded_lines": 0}, "missing_lines": [74, 76, 78, 88, 95, 101, 104, 107, 110, 146, 147, 148, 152, 156, 157, 161, 183, 184, 185, 186, 214, 215, 217, 218, 220, 221, 235, 236, 240, 244, 245, 249, 250, 251, 255, 276], "excluded_lines": [], "functions": {"ServerConfig.__post_init__": {"executed_lines": [73, 75, 77, 81, 82, 83, 86, 87, 90, 93, 94, 97, 100, 103, 106, 109], "summary": {"covered_lines": 16, "num_statements": 25, "percent_covered": 64.0, "percent_covered_display": "64.00", "missing_lines": 9, "excluded_lines": 0}, "missing_lines": [74, 76, 78, 88, 95, 101, 104, 107, 110], "excluded_lines": []}, "ServerConfig.from_env": {"executed_lines": [115], "summary": {"covered_lines": 1, "num_statements": 1, "percent_covered": 100.0, "percent_covered_display": "100.00", "missing_lines": 0, "excluded_lines": 0}, "missing_lines": [], "excluded_lines": []}, "ServerConfig.from_file": {"executed_lines": [], "summary": {"covered_lines": 0, "num_statements": 3, "percent_covered": 0.0, "percent_covered_display": "0.00", "missing_lines": 3, "excluded_lines": 0}, "missing_lines": [146, 147, 148], "excluded_lines": []}, "ServerConfig.to_file": {"executed_lines": [], "summary": {"covered_lines": 0, "num_statements": 3, "percent_covered": 0.0, "percent_covered_display": "0.00", "missing_lines": 3, "excluded_lines": 0}, "missing_lines": [152, 156, 157], "excluded_lines": []}, "ServerConfig.to_dict": {"executed_lines": [], "summary": {"covered_lines": 0, "num_statements": 1, "percent_covered": 0.0, "percent_covered_display": "0.00", "missing_lines": 1, "excluded_lines": 0}, "missing_lines": [161], "excluded_lines": []}, "ServerConfig.setup_logging": {"executed_lines": [168, 169, 172, 175, 176, 177, 178, 179, 182, 188], "summary": {"covered_lines": 10, "num_statements": 14, "percent_covered": 71.42857142857143, "percent_covered_display": "71.43", "missing_lines": 4, "excluded_lines": 0}, "missing_lines": [183, 184, 185, 186], "excluded_lines": []}, "ToolConfig.__post_init__": {"executed_lines": [], "summary": {"covered_lines": 0, "num_statements": 6, "percent_covered": 0.0, "percent_covered_display": "0.00", "missing_lines": 6, "excluded_lines": 0}, "missing_lines": [214, 215, 217, 218, 220, 221], "excluded_lines": []}, "ConfigManager.__init__": {"executed_lines": [229, 230, 231], "summary": {"covered_lines": 3, "num_statements": 3, "percent_covered": 100.0, "percent_covered_display": "100.00", "missing_lines": 0, "excluded_lines": 0}, "missing_lines": [], "excluded_lines": []}, "ConfigManager.register_tool_config": {"executed_lines": [], "summary": {"covered_lines": 0, "num_statements": 2, "percent_covered": 0.0, "percent_covered_display": "0.00", "missing_lines": 2, "excluded_lines": 0}, "missing_lines": [235, 236], "excluded_lines": []}, "ConfigManager.get_tool_config": {"executed_lines": [], "summary": {"covered_lines": 0, "num_statements": 1, "percent_covered": 0.0, "percent_covered_display": "0.00", "missing_lines": 1, "excluded_lines": 0}, "missing_lines": [240], "excluded_lines": []}, "ConfigManager.is_tool_enabled": {"executed_lines": [], "summary": {"covered_lines": 0, "num_statements": 2, "percent_covered": 0.0, "percent_covered_display": "0.00", "missing_lines": 2, "excluded_lines": 0}, "missing_lines": [244, 245], "excluded_lines": []}, "ConfigManager.reload_config": {"executed_lines": [], "summary": {"covered_lines": 0, "num_statements": 3, "percent_covered": 0.0, "percent_covered_display": "0.00", "missing_lines": 3, "excluded_lines": 0}, "missing_lines": [249, 250, 251], "excluded_lines": []}, "ConfigManager.get_info": {"executed_lines": [], "summary": {"covered_lines": 0, "num_statements": 1, "percent_covered": 0.0, "percent_covered_display": "0.00", "missing_lines": 1, "excluded_lines": 0}, "missing_lines": [255], "excluded_lines": []}, "get_config_manager": {"executed_lines": [275, 277], "summary": {"covered_lines": 2, "num_statements": 3, "percent_covered": 66.66666666666667, "percent_covered_display": "66.67", "missing_lines": 1, "excluded_lines": 0}, "missing_lines": [276], "excluded_lines": []}, "init_config": {"executed_lines": [283, 284], "summary": {"covered_lines": 2, "num_statements": 2, "percent_covered": 100.0, "percent_covered_display": "100.00", "missing_lines": 0, "excluded_lines": 0}, "missing_lines": [], "excluded_lines": []}, "": {"executed_lines": [1, 8, 9, 10, 11, 12, 13, 16, 17, 18, 21, 22, 25, 26, 27, 30, 31, 32, 35, 36, 37, 40, 41, 42, 45, 46, 47, 50, 51, 52, 53, 56, 57, 58, 61, 62, 63, 66, 67, 68, 70, 112, 113, 143, 144, 150, 159, 166, 191, 192, 193, 196, 197, 200, 203, 204, 207, 210, 212, 224, 225, 227, 233, 238, 242, 247, 253, 269, 272, 280], "summary": {"covered_lines": 66, "num_statements": 66, "percent_covered": 100.0, "percent_covered_display": "100.00", "missing_lines": 0, "excluded_lines": 0}, "missing_lines": [], "excluded_lines": []}}, "classes": {"ServerConfig": {"executed_lines": [73, 75, 77, 81, 82, 83, 86, 87, 90, 93, 94, 97, 100, 103, 106, 109, 115, 168, 169, 172, 175, 176, 177, 178, 179, 182, 188], "summary": {"covered_lines": 27, "num_statements": 47, "percent_covered": 57.4468085106383, "percent_covered_display": "57.45", "missing_lines": 20, "excluded_lines": 0}, "missing_lines": [74, 76, 78, 88, 95, 101, 104, 107, 110, 146, 147, 148, 152, 156, 157, 161, 183, 184, 185, 186], "excluded_lines": []}, "ToolConfig": {"executed_lines": [], "summary": {"covered_lines": 0, "num_statements": 6, "percent_covered": 0.0, "percent_covered_display": "0.00", "missing_lines": 6, "excluded_lines": 0}, "missing_lines": [214, 215, 217, 218, 220, 221], "excluded_lines": []}, "ConfigManager": {"executed_lines": [229, 230, 231], "summary": {"covered_lines": 3, "num_statements": 12, "percent_covered": 25.0, "percent_covered_display": "25.00", "missing_lines": 9, "excluded_lines": 0}, "missing_lines": [235, 236, 240, 244, 245, 249, 250, 251, 255], "excluded_lines": []}, "": {"executed_lines": [1, 8, 9, 10, 11, 12, 13, 16, 17, 18, 21, 22, 25, 26, 27, 30, 31, 32, 35, 36, 37, 40, 41, 42, 45, 46, 47, 50, 51, 52, 53, 56, 57, 58, 61, 62, 63, 66, 67, 68, 70, 112, 113, 143, 144, 150, 159, 166, 191, 192, 193, 196, 197, 200, 203, 204, 207, 210, 212, 224, 225, 227, 233, 238, 242, 247, 253, 269, 272, 275, 277, 280, 283, 284], "summary": {"covered_lines": 70, "num_statements": 71, "percent_covered": 98.59154929577464, "percent_covered_display": "98.59", "missing_lines": 1, "excluded_lines": 0}, "missing_lines": [276], "excluded_lines": []}}}, "src/mcp_server/core/handlers.py": {"executed_lines": [1, 15, 16, 17, 18, 19, 21, 23, 24, 27, 37, 40, 41, 42, 43, 44, 45, 46, 47, 49, 51, 57, 58, 60, 61, 63, 66, 67, 69, 76, 77, 78, 81, 82, 85, 88, 89, 91, 98, 100, 101, 102, 103, 104, 106, 108, 109, 110, 111, 112, 114, 116, 117, 118, 119, 120, 122, 124, 125, 126, 127, 128, 134, 141, 147, 148, 149, 150, 151, 152, 153, 155, 157, 172, 174, 176, 182, 183, 184, 185, 186, 187, 191, 192, 193, 195, 206, 207, 211, 213, 232, 233, 234, 236, 238, 239, 244, 247, 248, 256, 257, 259, 261, 263, 264, 265, 267, 284, 285, 286, 288, 289, 290, 291, 292, 293, 294, 295, 301, 311, 313, 314, 315, 316, 317, 319, 322, 324, 325, 333, 334, 335, 343, 346, 349, 350, 351, 353, 355, 357, 391, 399, 400, 401, 402, 403, 405, 406, 408, 414, 415, 416, 417, 419, 421, 426, 427, 428, 431, 433, 438, 439, 440, 442, 445, 446, 448, 454, 455, 456, 458, 462, 463, 467, 469, 475, 478, 489, 490, 491, 492, 494, 500, 502, 525, 527, 528, 529, 530, 531, 533, 534, 535, 539, 540, 545, 546, 547, 561, 562, 563, 564, 566, 567, 570, 572, 573, 574, 575, 576, 577, 578, 579, 582, 583, 584, 586, 588, 591, 593, 594, 597, 601, 602, 604, 615, 616, 617, 622, 632, 634, 642, 647, 649, 650, 651, 653, 660, 663, 668, 670, 671, 672, 673, 675, 681, 691, 693, 694, 695, 696, 698, 701, 703, 705, 707, 722, 723, 724, 731, 740, 742, 743, 744, 746, 747, 749, 750, 752, 753, 754, 755, 756, 758, 759, 760, 761, 763, 764, 766, 767, 768, 769, 770, 772, 773, 774, 776, 777, 780, 784, 785, 786, 790, 792, 795, 796, 797, 798, 799, 802, 803, 804, 806, 816, 817, 818, 820, 823, 824, 825, 826, 828, 835, 836, 837, 843, 853, 855, 856, 859, 860, 861, 862, 863, 871, 873, 876, 877, 878, 880, 882, 884, 891, 892, 893, 900, 903, 904, 905, 908, 920, 969, 985, 995, 997, 998, 1000, 1006, 1007, 1009, 1012, 1018, 1019, 1020, 1021, 1026, 1027, 1028, 1030, 1031, 1032, 1035, 1036, 1037, 1038, 1040, 1042, 1044, 1050, 1051, 1052, 1063, 1075, 1077, 1078, 1079, 1080, 1081, 1083, 1085, 1086, 1087, 1089, 1090, 1092, 1096, 1099, 1106, 1109, 1110, 1111, 1113, 1114, 1121, 1123, 1125, 1141, 1142, 1143, 1154, 1166, 1168, 1169, 1170, 1171, 1172, 1174, 1175, 1177, 1179, 1181, 1183, 1184, 1185, 1187, 1188, 1190, 1198, 1199, 1201, 1208, 1210, 1224, 1225, 1226, 1237, 1253, 1255, 1256, 1268, 1269, 1270, 1271, 1283, 1284, 1286, 1288, 1304, 1314], "summary": {"covered_lines": 437, "num_statements": 460, "percent_covered": 95.0, "percent_covered_display": "95.00", "missing_lines": 23, "excluded_lines": 0}, "missing_lines": [189, 373, 374, 375, 382, 383, 384, 429, 443, 459, 465, 486, 542, 554, 618, 619, 620, 664, 665, 666, 1294, 1295, 1296], "excluded_lines": [], "functions": {"HandlerResult.to_dict": {"executed_lines": [51, 57, 58, 60, 61, 63], "summary": {"covered_lines": 6, "num_statements": 6, "percent_covered": 100.0, "percent_covered_display": "100.00", "missing_lines": 0, "excluded_lines": 0}, "missing_lines": [], "excluded_lines": []}, "ToolHandlers.__init__": {"executed_lines": [76, 77, 78, 81, 82, 85, 88, 89], "summary": {"covered_lines": 8, "num_statements": 8, "percent_covered": 100.0, "percent_covered_display": "100.00", "missing_lines": 0, "excluded_lines": 0}, "missing_lines": [], "excluded_lines": []}, "ToolHandlers._init_platform_handlers": {"executed_lines": [98, 100, 101, 102, 103, 104, 106, 108, 109, 110, 111, 112, 114, 116, 117, 118, 119, 120, 122, 124, 125, 126, 127, 128], "summary": {"covered_lines": 24, "num_statements": 24, "percent_covered": 100.0, "percent_covered_display": "100.00", "missing_lines": 0, "excluded_lines": 0}, "missing_lines": [], "excluded_lines": []}, "ToolHandlers._get_browser_info": {"executed_lines": [141, 147, 148, 149, 150, 151, 152, 153, 155], "summary": {"covered_lines": 9, "num_statements": 9, "percent_covered": 100.0, "percent_covered_display": "100.00", "missing_lines": 0, "excluded_lines": 0}, "missing_lines": [], "excluded_lines": []}, "ToolHandlers._convert_viewport_to_screen_coords": {"executed_lines": [172, 174, 176, 182, 183, 184, 185, 186, 187, 191, 192, 193], "summary": {"covered_lines": 12, "num_statements": 13, "percent_covered": 92.3076923076923, "percent_covered_display": "92.31", "missing_lines": 1, "excluded_lines": 0}, "missing_lines": [189], "excluded_lines": []}, "ToolHandlers._should_use_native_click": {"executed_lines": [206, 207, 211], "summary": {"covered_lines": 3, "num_statements": 3, "percent_covered": 100.0, "percent_covered_display": "100.00", "missing_lines": 0, "excluded_lines": 0}, "missing_lines": [], "excluded_lines": []}, "ToolHandlers._perform_native_click": {"executed_lines": [232, 233, 234, 236, 238, 239, 244, 247, 248, 256, 257, 259, 261, 263, 264, 265], "summary": {"covered_lines": 16, "num_statements": 16, "percent_covered": 100.0, "percent_covered_display": "100.00", "missing_lines": 0, "excluded_lines": 0}, "missing_lines": [], "excluded_lines": []}, "ToolHandlers._perform_mouse_move": {"executed_lines": [284, 285, 286, 288, 289, 290, 291, 292, 293, 294, 295], "summary": {"covered_lines": 11, "num_statements": 11, "percent_covered": 100.0, "percent_covered_display": "100.00", "missing_lines": 0, "excluded_lines": 0}, "missing_lines": [], "excluded_lines": []}, "ToolHandlers.handle_click_element": {"executed_lines": [311, 313, 314, 315, 316, 317, 319, 322, 324, 325, 333, 334, 335, 343, 346, 349, 350, 351, 353, 355, 357], "summary": {"covered_lines": 21, "num_statements": 27, "percent_covered": 77.77777777777777, "percent_covered_display": "77.78", "missing_lines": 6, "excluded_lines": 0}, "missing_lines": [373, 374, 375, 382, 383, 384], "excluded_lines": []}, "ToolHandlers._find_element_by_method": {"executed_lines": [399, 400, 401, 402, 403, 405, 406, 408, 414, 415, 416, 417, 419, 421, 426, 427, 428, 431, 433, 438, 439, 440, 442, 445, 446, 448, 454, 455, 456, 458, 462, 463, 467, 469, 475, 478, 489, 490, 491, 492, 494, 500], "summary": {"covered_lines": 42, "num_statements": 47, "percent_covered": 89.36170212765957, "percent_covered_display": "89.36", "missing_lines": 5, "excluded_lines": 0}, "missing_lines": [429, 443, 459, 465, 486], "excluded_lines": []}, "ToolHandlers._perform_click": {"executed_lines": [525, 527, 528, 529, 530, 531, 533, 534, 535, 539, 540, 545, 546, 547, 561, 562, 563, 564, 566, 567, 570, 572, 573, 574, 575, 576, 577, 578, 579, 582, 583, 584, 586, 588, 591, 593, 594, 597, 601, 602, 604, 615, 616, 617, 622, 632], "summary": {"covered_lines": 46, "num_statements": 51, "percent_covered": 90.19607843137256, "percent_covered_display": "90.20", "missing_lines": 5, "excluded_lines": 0}, "missing_lines": [542, 554, 618, 619, 620], "excluded_lines": []}, "ToolHandlers._validate_click": {"executed_lines": [642, 647, 649, 650, 651, 653, 660, 663, 668, 670, 671, 672, 673, 675], "summary": {"covered_lines": 14, "num_statements": 17, "percent_covered": 82.3529411764706, "percent_covered_display": "82.35", "missing_lines": 3, "excluded_lines": 0}, "missing_lines": [664, 665, 666], "excluded_lines": []}, "ToolHandlers.handle_find_element": {"executed_lines": [691, 693, 694, 695, 696, 698, 701, 703, 705, 707, 722, 723, 724], "summary": {"covered_lines": 13, "num_statements": 13, "percent_covered": 100.0, "percent_covered_display": "100.00", "missing_lines": 0, "excluded_lines": 0}, "missing_lines": [], "excluded_lines": []}, "ToolHandlers._find_elements_by_method": {"executed_lines": [740, 742, 743, 744, 746, 747, 749, 750, 752, 753, 754, 755, 756, 758, 759, 760, 761, 763, 764, 766, 767, 768, 769, 770, 772, 773, 774, 776, 777, 780, 784, 785, 786, 790], "summary": {"covered_lines": 34, "num_statements": 34, "percent_covered": 100.0, "percent_covered_display": "100.00", "missing_lines": 0, "excluded_lines": 0}, "missing_lines": [], "excluded_lines": []}, "ToolHandlers._get_element_info": {"executed_lines": [795, 796, 797, 798, 799, 802, 803, 804, 806, 816, 817, 818], "summary": {"covered_lines": 12, "num_statements": 12, "percent_covered": 100.0, "percent_covered_display": "100.00", "missing_lines": 0, "excluded_lines": 0}, "missing_lines": [], "excluded_lines": []}, "ToolHandlers._get_element_info_from_handle": {"executed_lines": [823, 824, 825, 826, 828, 835, 836, 837], "summary": {"covered_lines": 8, "num_statements": 8, "percent_covered": 100.0, "percent_covered_display": "100.00", "missing_lines": 0, "excluded_lines": 0}, "missing_lines": [], "excluded_lines": []}, "ToolHandlers.handle_get_dom_structure": {"executed_lines": [853, 855, 856, 859, 860, 861, 862, 863, 871, 873, 876, 877, 878, 880, 882, 884, 891, 892, 893], "summary": {"covered_lines": 19, "num_statements": 19, "percent_covered": 100.0, "percent_covered_display": "100.00", "missing_lines": 0, "excluded_lines": 0}, "missing_lines": [], "excluded_lines": []}, "ToolHandlers._extract_dom_structure": {"executed_lines": [903, 904, 905, 908, 920, 969], "summary": {"covered_lines": 6, "num_statements": 6, "percent_covered": 100.0, "percent_covered_display": "100.00", "missing_lines": 0, "excluded_lines": 0}, "missing_lines": [], "excluded_lines": []}, "ToolHandlers.handle_validate_click": {"executed_lines": [995, 997, 998, 1000, 1006, 1007, 1009, 1012, 1018, 1019, 1020, 1021, 1026, 1027, 1028, 1030, 1031, 1032, 1035, 1036, 1037, 1038, 1040, 1042, 1044, 1050, 1051, 1052], "summary": {"covered_lines": 28, "num_statements": 28, "percent_covered": 100.0, "percent_covered_display": "100.00", "missing_lines": 0, "excluded_lines": 0}, "missing_lines": [], "excluded_lines": []}, "ToolHandlers.handle_scroll": {"executed_lines": [1075, 1077, 1078, 1079, 1080, 1081, 1083, 1085, 1086, 1087, 1089, 1090, 1092, 1096, 1099, 1106, 1109, 1110, 1111, 1113, 1114, 1121, 1123, 1125, 1141, 1142, 1143], "summary": {"covered_lines": 27, "num_statements": 27, "percent_covered": 100.0, "percent_covered_display": "100.00", "missing_lines": 0, "excluded_lines": 0}, "missing_lines": [], "excluded_lines": []}, "ToolHandlers.handle_mouse_move": {"executed_lines": [1166, 1168, 1169, 1170, 1171, 1172, 1174, 1175, 1177, 1179, 1181, 1183, 1184, 1185, 1187, 1188, 1190, 1198, 1199, 1201, 1208, 1210, 1224, 1225, 1226], "summary": {"covered_lines": 25, "num_statements": 25, "percent_covered": 100.0, "percent_covered_display": "100.00", "missing_lines": 0, "excluded_lines": 0}, "missing_lines": [], "excluded_lines": []}, "ToolHandlers.handle_get_platform_info": {"executed_lines": [1253, 1255, 1256, 1268, 1269, 1270, 1271, 1283, 1284, 1286, 1288], "summary": {"covered_lines": 11, "num_statements": 14, "percent_covered": 78.57142857142857, "percent_covered_display": "78.57", "missing_lines": 3, "excluded_lines": 0}, "missing_lines": [1294, 1295, 1296], "excluded_lines": []}, "create_handlers": {"executed_lines": [1314], "summary": {"covered_lines": 1, "num_statements": 1, "percent_covered": 100.0, "percent_covered_display": "100.00", "missing_lines": 0, "excluded_lines": 0}, "missing_lines": [], "excluded_lines": []}, "": {"executed_lines": [1, 15, 16, 17, 18, 19, 21, 23, 24, 27, 37, 40, 41, 42, 43, 44, 45, 46, 47, 49, 66, 67, 69, 91, 134, 157, 195, 213, 267, 301, 391, 502, 634, 681, 731, 792, 820, 843, 900, 985, 1063, 1154, 1237, 1304], "summary": {"covered_lines": 41, "num_statements": 41, "percent_covered": 100.0, "percent_covered_display": "100.00", "missing_lines": 0, "excluded_lines": 0}, "missing_lines": [], "excluded_lines": []}}, "classes": {"HandlerResult": {"executed_lines": [51, 57, 58, 60, 61, 63], "summary": {"covered_lines": 6, "num_statements": 6, "percent_covered": 100.0, "percent_covered_display": "100.00", "missing_lines": 0, "excluded_lines": 0}, "missing_lines": [], "excluded_lines": []}, "ToolHandlers": {"executed_lines": [76, 77, 78, 81, 82, 85, 88, 89, 98, 100, 101, 102, 103, 104, 106, 108, 109, 110, 111, 112, 114, 116, 117, 118, 119, 120, 122, 124, 125, 126, 127, 128, 141, 147, 148, 149, 150, 151, 152, 153, 155, 172, 174, 176, 182, 183, 184, 185, 186, 187, 191, 192, 193, 206, 207, 211, 232, 233, 234, 236, 238, 239, 244, 247, 248, 256, 257, 259, 261, 263, 264, 265, 284, 285, 286, 288, 289, 290, 291, 292, 293, 294, 295, 311, 313, 314, 315, 316, 317, 319, 322, 324, 325, 333, 334, 335, 343, 346, 349, 350, 351, 353, 355, 357, 399, 400, 401, 402, 403, 405, 406, 408, 414, 415, 416, 417, 419, 421, 426, 427, 428, 431, 433, 438, 439, 440, 442, 445, 446, 448, 454, 455, 456, 458, 462, 463, 467, 469, 475, 478, 489, 490, 491, 492, 494, 500, 525, 527, 528, 529, 530, 531, 533, 534, 535, 539, 540, 545, 546, 547, 561, 562, 563, 564, 566, 567, 570, 572, 573, 574, 575, 576, 577, 578, 579, 582, 583, 584, 586, 588, 591, 593, 594, 597, 601, 602, 604, 615, 616, 617, 622, 632, 642, 647, 649, 650, 651, 653, 660, 663, 668, 670, 671, 672, 673, 675, 691, 693, 694, 695, 696, 698, 701, 703, 705, 707, 722, 723, 724, 740, 742, 743, 744, 746, 747, 749, 750, 752, 753, 754, 755, 756, 758, 759, 760, 761, 763, 764, 766, 767, 768, 769, 770, 772, 773, 774, 776, 777, 780, 784, 785, 786, 790, 795, 796, 797, 798, 799, 802, 803, 804, 806, 816, 817, 818, 823, 824, 825, 826, 828, 835, 836, 837, 853, 855, 856, 859, 860, 861, 862, 863, 871, 873, 876, 877, 878, 880, 882, 884, 891, 892, 893, 903, 904, 905, 908, 920, 969, 995, 997, 998, 1000, 1006, 1007, 1009, 1012, 1018, 1019, 1020, 1021, 1026, 1027, 1028, 1030, 1031, 1032, 1035, 1036, 1037, 1038, 1040, 1042, 1044, 1050, 1051, 1052, 1075, 1077, 1078, 1079, 1080, 1081, 1083, 1085, 1086, 1087, 1089, 1090, 1092, 1096, 1099, 1106, 1109, 1110, 1111, 1113, 1114, 1121, 1123, 1125, 1141, 1142, 1143, 1166, 1168, 1169, 1170, 1171, 1172, 1174, 1175, 1177, 1179, 1181, 1183, 1184, 1185, 1187, 1188, 1190, 1198, 1199, 1201, 1208, 1210, 1224, 1225, 1226, 1253, 1255, 1256, 1268, 1269, 1270, 1271, 1283, 1284, 1286, 1288], "summary": {"covered_lines": 389, "num_statements": 412, "percent_covered": 94.41747572815534, "percent_covered_display": "94.42", "missing_lines": 23, "excluded_lines": 0}, "missing_lines": [189, 373, 374, 375, 382, 383, 384, 429, 443, 459, 465, 486, 542, 554, 618, 619, 620, 664, 665, 666, 1294, 1295, 1296], "excluded_lines": []}, "": {"executed_lines": [1, 15, 16, 17, 18, 19, 21, 23, 24, 27, 37, 40, 41, 42, 43, 44, 45, 46, 47, 49, 66, 67, 69, 91, 134, 157, 195, 213, 267, 301, 391, 502, 634, 681, 731, 792, 820, 843, 900, 985, 1063, 1154, 1237, 1304, 1314], "summary": {"covered_lines": 42, "num_statements": 42, "percent_covered": 100.0, "percent_covered_display": "100.00", "missing_lines": 0, "excluded_lines": 0}, "missing_lines": [], "excluded_lines": []}}}, "src/mcp_server/core/server.py": {"executed_lines": [1, 8, 9, 10, 11, 12, 14, 16, 17, 18, 21, 24, 25, 35, 43, 44, 45, 48, 51, 52, 53, 54, 57, 60, 61, 62, 64, 70, 113, 149, 155, 156, 168, 187, 265, 295, 331, 342, 382, 406, 419, 421, 423, 427, 447, 448, 455, 465, 505, 541, 545, 565, 575, 578], "summary": {"covered_lines": 51, "num_statements": 208, "percent_covered": 24.51923076923077, "percent_covered_display": "24.52", "missing_lines": 157, "excluded_lines": 0}, "missing_lines": [72, 73, 74, 76, 78, 80, 83, 84, 90, 96, 99, 102, 104, 106, 108, 109, 110, 111, 115, 116, 118, 120, 122, 123, 124, 127, 128, 129, 132, 133, 134, 137, 138, 139, 141, 142, 144, 146, 147, 151, 152, 153, 158, 159, 160, 162, 175, 177, 180, 185, 198, 199, 205, 206, 212, 213, 214, 220, 221, 227, 228, 229, 235, 236, 238, 239, 241, 246, 248, 249, 250, 255, 256, 257, 263, 268, 269, 272, 273, 275, 276, 278, 279, 281, 282, 285, 306, 307, 312, 313, 315, 317, 324, 325, 326, 333, 334, 336, 353, 354, 359, 360, 361, 363, 365, 371, 372, 373, 384, 408, 425, 437, 438, 440, 462, 463, 467, 469, 471, 473, 474, 476, 480, 481, 484, 485, 486, 487, 488, 491, 494, 496, 497, 499, 500, 503, 508, 509, 510, 513, 514, 516, 517, 518, 519, 521, 522, 525, 535, 543, 547, 555, 556, 558, 588, 589, 590], "excluded_lines": [], "functions": {"MCPAccurateClickServer.__init__": {"executed_lines": [43, 44, 45, 48, 51, 52, 53, 54, 57, 60, 61, 62, 64], "summary": {"covered_lines": 13, "num_statements": 13, "percent_covered": 100.0, "percent_covered_display": "100.00", "missing_lines": 0, "excluded_lines": 0}, "missing_lines": [], "excluded_lines": []}, "MCPAccurateClickServer.start": {"executed_lines": [], "summary": {"covered_lines": 0, "num_statements": 18, "percent_covered": 0.0, "percent_covered_display": "0.00", "missing_lines": 18, "excluded_lines": 0}, "missing_lines": [72, 73, 74, 76, 78, 80, 83, 84, 90, 96, 99, 102, 104, 106, 108, 109, 110, 111], "excluded_lines": []}, "MCPAccurateClickServer.stop": {"executed_lines": [], "summary": {"covered_lines": 0, "num_statements": 21, "percent_covered": 0.0, "percent_covered_display": "0.00", "missing_lines": 21, "excluded_lines": 0}, "missing_lines": [115, 116, 118, 120, 122, 123, 124, 127, 128, 129, 132, 133, 134, 137, 138, 139, 141, 142, 144, 146, 147], "excluded_lines": []}, "MCPAccurateClickServer.restart": {"executed_lines": [], "summary": {"covered_lines": 0, "num_statements": 3, "percent_covered": 0.0, "percent_covered_display": "0.00", "missing_lines": 3, "excluded_lines": 0}, "missing_lines": [151, 152, 153], "excluded_lines": []}, "MCPAccurateClickServer.running": {"executed_lines": [], "summary": {"covered_lines": 0, "num_statements": 4, "percent_covered": 0.0, "percent_covered_display": "0.00", "missing_lines": 4, "excluded_lines": 0}, "missing_lines": [158, 159, 160, 162], "excluded_lines": []}, "MCPAccurateClickServer.list_tools": {"executed_lines": [], "summary": {"covered_lines": 0, "num_statements": 4, "percent_covered": 0.0, "percent_covered_display": "0.00", "missing_lines": 4, "excluded_lines": 0}, "missing_lines": [175, 177, 180, 185], "excluded_lines": []}, "MCPAccurateClickServer.call_tool": {"executed_lines": [], "summary": {"covered_lines": 0, "num_statements": 25, "percent_covered": 0.0, "percent_covered_display": "0.00", "missing_lines": 25, "excluded_lines": 0}, "missing_lines": [198, 199, 205, 206, 212, 213, 214, 220, 221, 227, 228, 229, 235, 236, 238, 239, 241, 246, 248, 249, 250, 255, 256, 257, 263], "excluded_lines": []}, "MCPAccurateClickServer._execute_tool": {"executed_lines": [], "summary": {"covered_lines": 0, "num_statements": 11, "percent_covered": 0.0, "percent_covered_display": "0.00", "missing_lines": 11, "excluded_lines": 0}, "missing_lines": [268, 269, 272, 273, 275, 276, 278, 279, 281, 282, 285], "excluded_lines": []}, "MCPAccurateClickServer.navigate": {"executed_lines": [], "summary": {"covered_lines": 0, "num_statements": 9, "percent_covered": 0.0, "percent_covered_display": "0.00", "missing_lines": 9, "excluded_lines": 0}, "missing_lines": [306, 307, 312, 313, 315, 317, 324, 325, 326], "excluded_lines": []}, "MCPAccurateClickServer.get_page_info": {"executed_lines": [], "summary": {"covered_lines": 0, "num_statements": 3, "percent_covered": 0.0, "percent_covered_display": "0.00", "missing_lines": 3, "excluded_lines": 0}, "missing_lines": [333, 334, 336], "excluded_lines": []}, "MCPAccurateClickServer.screenshot": {"executed_lines": [], "summary": {"covered_lines": 0, "num_statements": 10, "percent_covered": 0.0, "percent_covered_display": "0.00", "missing_lines": 10, "excluded_lines": 0}, "missing_lines": [353, 354, 359, 360, 361, 363, 365, 371, 372, 373], "excluded_lines": []}, "MCPAccurateClickServer.get_info": {"executed_lines": [], "summary": {"covered_lines": 0, "num_statements": 1, "percent_covered": 0.0, "percent_covered_display": "0.00", "missing_lines": 1, "excluded_lines": 0}, "missing_lines": [384], "excluded_lines": []}, "MCPAccurateClickServer.get_stats": {"executed_lines": [], "summary": {"covered_lines": 0, "num_statements": 1, "percent_covered": 0.0, "percent_covered_display": "0.00", "missing_lines": 1, "excluded_lines": 0}, "missing_lines": [408], "excluded_lines": []}, "MCPAccurateClickServer.is_running": {"executed_lines": [421], "summary": {"covered_lines": 1, "num_statements": 1, "percent_covered": 100.0, "percent_covered_display": "100.00", "missing_lines": 0, "excluded_lines": 0}, "missing_lines": [], "excluded_lines": []}, "MCPAccurateClickServer.get_page": {"executed_lines": [], "summary": {"covered_lines": 0, "num_statements": 1, "percent_covered": 0.0, "percent_covered_display": "0.00", "missing_lines": 1, "excluded_lines": 0}, "missing_lines": [425], "excluded_lines": []}, "MCPAccurateClickServer.execute_script": {"executed_lines": [], "summary": {"covered_lines": 0, "num_statements": 3, "percent_covered": 0.0, "percent_covered_display": "0.00", "missing_lines": 3, "excluded_lines": 0}, "missing_lines": [437, 438, 440], "excluded_lines": []}, "StdioMCPServer.__init__": {"executed_lines": [], "summary": {"covered_lines": 0, "num_statements": 2, "percent_covered": 0.0, "percent_covered_display": "0.00", "missing_lines": 2, "excluded_lines": 0}, "missing_lines": [462, 463], "excluded_lines": []}, "StdioMCPServer.run": {"executed_lines": [], "summary": {"covered_lines": 0, "num_statements": 20, "percent_covered": 0.0, "percent_covered_display": "0.00", "missing_lines": 20, "excluded_lines": 0}, "missing_lines": [467, 469, 471, 473, 474, 476, 480, 481, 484, 485, 486, 487, 488, 491, 494, 496, 497, 499, 500, 503], "excluded_lines": []}, "StdioMCPServer._handle_request": {"executed_lines": [], "summary": {"covered_lines": 0, "num_statements": 13, "percent_covered": 0.0, "percent_covered_display": "0.00", "missing_lines": 13, "excluded_lines": 0}, "missing_lines": [508, 509, 510, 513, 514, 516, 517, 518, 519, 521, 522, 525, 535], "excluded_lines": []}, "StdioMCPServer._write_response": {"executed_lines": [], "summary": {"covered_lines": 0, "num_statements": 1, "percent_covered": 0.0, "percent_covered_display": "0.00", "missing_lines": 1, "excluded_lines": 0}, "missing_lines": [543], "excluded_lines": []}, "StdioMCPServer._write_error": {"executed_lines": [], "summary": {"covered_lines": 0, "num_statements": 4, "percent_covered": 0.0, "percent_covered_display": "0.00", "missing_lines": 4, "excluded_lines": 0}, "missing_lines": [547, 555, 556, 558], "excluded_lines": []}, "create_server": {"executed_lines": [575], "summary": {"covered_lines": 1, "num_statements": 1, "percent_covered": 100.0, "percent_covered_display": "100.00", "missing_lines": 0, "excluded_lines": 0}, "missing_lines": [], "excluded_lines": []}, "create_and_start_server": {"executed_lines": [], "summary": {"covered_lines": 0, "num_statements": 3, "percent_covered": 0.0, "percent_covered_display": "0.00", "missing_lines": 3, "excluded_lines": 0}, "missing_lines": [588, 589, 590], "excluded_lines": []}, "": {"executed_lines": [1, 8, 9, 10, 11, 12, 14, 16, 17, 18, 21, 24, 25, 35, 70, 113, 149, 155, 156, 168, 187, 265, 295, 331, 342, 382, 406, 419, 423, 427, 447, 448, 455, 465, 505, 541, 545, 565, 578], "summary": {"covered_lines": 36, "num_statements": 36, "percent_covered": 100.0, "percent_covered_display": "100.00", "missing_lines": 0, "excluded_lines": 0}, "missing_lines": [], "excluded_lines": []}}, "classes": {"MCPAccurateClickServer": {"executed_lines": [43, 44, 45, 48, 51, 52, 53, 54, 57, 60, 61, 62, 64, 421], "summary": {"covered_lines": 14, "num_statements": 128, "percent_covered": 10.9375, "percent_covered_display": "10.94", "missing_lines": 114, "excluded_lines": 0}, "missing_lines": [72, 73, 74, 76, 78, 80, 83, 84, 90, 96, 99, 102, 104, 106, 108, 109, 110, 111, 115, 116, 118, 120, 122, 123, 124, 127, 128, 129, 132, 133, 134, 137, 138, 139, 141, 142, 144, 146, 147, 151, 152, 153, 158, 159, 160, 162, 175, 177, 180, 185, 198, 199, 205, 206, 212, 213, 214, 220, 221, 227, 228, 229, 235, 236, 238, 239, 241, 246, 248, 249, 250, 255, 256, 257, 263, 268, 269, 272, 273, 275, 276, 278, 279, 281, 282, 285, 306, 307, 312, 313, 315, 317, 324, 325, 326, 333, 334, 336, 353, 354, 359, 360, 361, 363, 365, 371, 372, 373, 384, 408, 425, 437, 438, 440], "excluded_lines": []}, "StdioMCPServer": {"executed_lines": [], "summary": {"covered_lines": 0, "num_statements": 40, "percent_covered": 0.0, "percent_covered_display": "0.00", "missing_lines": 40, "excluded_lines": 0}, "missing_lines": [462, 463, 467, 469, 471, 473, 474, 476, 480, 481, 484, 485, 486, 487, 488, 491, 494, 496, 497, 499, 500, 503, 508, 509, 510, 513, 514, 516, 517, 518, 519, 521, 522, 525, 535, 543, 547, 555, 556, 558], "excluded_lines": []}, "": {"executed_lines": [1, 8, 9, 10, 11, 12, 14, 16, 17, 18, 21, 24, 25, 35, 70, 113, 149, 155, 156, 168, 187, 265, 295, 331, 342, 382, 406, 419, 423, 427, 447, 448, 455, 465, 505, 541, 545, 565, 575, 578], "summary": {"covered_lines": 37, "num_statements": 40, "percent_covered": 92.5, "percent_covered_display": "92.50", "missing_lines": 3, "excluded_lines": 0}, "missing_lines": [588, 589, 590], "excluded_lines": []}}}, "src/mcp_server/core/tools.py": {"executed_lines": [1, 8, 9, 10, 11, 13, 16, 17, 18, 19, 20, 21, 22, 23, 26, 27, 28, 29, 30, 31, 34, 35, 36, 37, 38, 39, 40, 41, 42, 44, 60, 61, 62, 63, 64, 65, 66, 67, 69, 90, 232, 358, 447, 555, 556, 558, 559, 560, 561, 563, 565, 572, 573, 575, 577, 578, 580, 586, 590, 592, 594, 598, 624, 627, 630, 632, 635, 638, 639], "summary": {"covered_lines": 63, "num_statements": 89, "percent_covered": 70.78651685393258, "percent_covered_display": "70.79", "missing_lines": 26, "excluded_lines": 0}, "missing_lines": [46, 51, 52, 54, 55, 57, 71, 73, 582, 583, 584, 588, 596, 604, 605, 606, 609, 610, 611, 614, 615, 616, 617, 618, 620, 631], "excluded_lines": [], "functions": {"ToolParameter.to_schema": {"executed_lines": [], "summary": {"covered_lines": 0, "num_statements": 6, "percent_covered": 0.0, "percent_covered_display": "0.00", "missing_lines": 6, "excluded_lines": 0}, "missing_lines": [46, 51, 52, 54, 55, 57], "excluded_lines": []}, "ToolDefinition.to_schema": {"executed_lines": [], "summary": {"covered_lines": 0, "num_statements": 2, "percent_covered": 0.0, "percent_covered_display": "0.00", "missing_lines": 2, "excluded_lines": 0}, "missing_lines": [71, 73], "excluded_lines": []}, "ToolRegistry.__init__": {"executed_lines": [559, 560, 561], "summary": {"covered_lines": 3, "num_statements": 3, "percent_covered": 100.0, "percent_covered_display": "100.00", "missing_lines": 0, "excluded_lines": 0}, "missing_lines": [], "excluded_lines": []}, "ToolRegistry._register_default_tools": {"executed_lines": [565, 572, 573], "summary": {"covered_lines": 3, "num_statements": 3, "percent_covered": 100.0, "percent_covered_display": "100.00", "missing_lines": 0, "excluded_lines": 0}, "missing_lines": [], "excluded_lines": []}, "ToolRegistry.register": {"executed_lines": [577, 578], "summary": {"covered_lines": 2, "num_statements": 2, "percent_covered": 100.0, "percent_covered_display": "100.00", "missing_lines": 0, "excluded_lines": 0}, "missing_lines": [], "excluded_lines": []}, "ToolRegistry.unregister": {"executed_lines": [], "summary": {"covered_lines": 0, "num_statements": 3, "percent_covered": 0.0, "percent_covered_display": "0.00", "missing_lines": 3, "excluded_lines": 0}, "missing_lines": [582, 583, 584], "excluded_lines": []}, "ToolRegistry.get": {"executed_lines": [], "summary": {"covered_lines": 0, "num_statements": 1, "percent_covered": 0.0, "percent_covered_display": "0.00", "missing_lines": 1, "excluded_lines": 0}, "missing_lines": [588], "excluded_lines": []}, "ToolRegistry.list_tools": {"executed_lines": [592], "summary": {"covered_lines": 1, "num_statements": 1, "percent_covered": 100.0, "percent_covered_display": "100.00", "missing_lines": 0, "excluded_lines": 0}, "missing_lines": [], "excluded_lines": []}, "ToolRegistry.get_schemas": {"executed_lines": [], "summary": {"covered_lines": 0, "num_statements": 1, "percent_covered": 0.0, "percent_covered_display": "0.00", "missing_lines": 1, "excluded_lines": 0}, "missing_lines": [596], "excluded_lines": []}, "ToolRegistry.validate_parameters": {"executed_lines": [], "summary": {"covered_lines": 0, "num_statements": 12, "percent_covered": 0.0, "percent_covered_display": "0.00", "missing_lines": 12, "excluded_lines": 0}, "missing_lines": [604, 605, 606, 609, 610, 611, 614, 615, 616, 617, 618, 620], "excluded_lines": []}, "get_tool_registry": {"executed_lines": [630, 632], "summary": {"covered_lines": 2, "num_statements": 3, "percent_covered": 66.66666666666667, "percent_covered_display": "66.67", "missing_lines": 1, "excluded_lines": 0}, "missing_lines": [631], "excluded_lines": []}, "init_tool_registry": {"executed_lines": [638, 639], "summary": {"covered_lines": 2, "num_statements": 2, "percent_covered": 100.0, "percent_covered_display": "100.00", "missing_lines": 0, "excluded_lines": 0}, "missing_lines": [], "excluded_lines": []}, "": {"executed_lines": [1, 8, 9, 10, 11, 13, 16, 17, 18, 19, 20, 21, 22, 23, 26, 27, 28, 29, 30, 31, 34, 35, 36, 37, 38, 39, 
[...]
es": [327, 328]}}}, "src/mcp_server/windows/input_simulator.py": {"executed_lines": [], "summary": {"covered_lines": 0, "num_statements": 264, "percent_covered": 0.0, "percent_covered_display": "0.00", "missing_lines": 264, "excluded_lines": 0}, "missing_lines": [12, 13, 14, 15, 16, 17, 19, 22, 24, 25, 26, 27, 28, 31, 33, 34, 35, 36, 37, 40, 48, 49, 52, 53, 54, 55, 56, 57, 58, 59, 60, 61, 62, 63, 64, 67, 68, 71, 72, 75, 76, 77, 78, 81, 82, 83, 84, 87, 88, 97, 98, 106, 107, 112, 113, 118, 119, 121, 123, 126, 127, 128, 130, 147, 148, 150, 151, 152, 153, 156, 157, 161, 162, 164, 171, 172, 174, 175, 177, 182, 184, 185, 186, 188, 198, 199, 200, 206, 207, 210, 212, 214, 215, 216, 218, 235, 237, 240, 241, 242, 243, 244, 245, 246, 247, 248, 251, 252, 253, 256, 258, 260, 261, 263, 265, 266, 267, 269, 290, 292, 293, 296, 297, 299, 302, 303, 305, 308, 310, 311, 312, 314, 324, 326, 327, 328, 329, 330, 331, 332, 333, 334, 335, 336, 337, 338, 339, 340, 341, 342, 343, 344, 345, 347, 348, 351, 352, 353, 354, 355, 356, 357, 360, 361, 362, 363, 364, 365, 366, 369, 370, 371, 373, 374, 375, 378, 380, 382, 384, 386, 387, 388, 390, 406, 408, 409, 410, 411, 412, 415, 416, 419, 420, 421, 424, 426, 427, 428, 430, 432, 433, 434, 436, 443, 444, 447, 448, 449, 450, 451, 454, 455, 457, 458, 460, 462, 476, 477, 478, 479, 480, 481, 483, 489, 510, 512, 513, 514, 515, 516, 517, 518, 519, 520, 523, 524, 525, 528, 531, 532, 534, 536, 537, 538, 540, 551, 552, 553, 554, 555, 556, 557, 559, 560, 561, 563, 565, 566, 567, 571, 574, 577, 578, 579], "excluded_lines": [], "functions": {"InputSimulator.__init__": {"executed_lines": [], "summary": {"covered_lines": 0, "num_statements": 4, "percent_covered": 0.0, "percent_covered_display": "0.00", "missing_lines": 4, "excluded_lines": 0}, "missing_lines": [123, 126, 127, 128], "excluded_lines": []}, "InputSimulator._normalize_coordinates": {"executed_lines": [], "summary": {"covered_lines": 0, "num_statements": 20, "percent_covered": 0.0, "percent_covered_display": "0.00", "missing_lines": 20, "excluded_lines": 0}, "missing_lines": [147, 148, 150, 151, 152, 153, 156, 157, 161, 162, 164, 171, 172, 174, 175, 177, 182, 184, 185, 186], "excluded_lines": []}, "InputSimulator._send_input": {"executed_lines": [], "summary": {"covered_lines": 0, "num_statements": 10, "percent_covered": 0.0, "percent_covered_display": "0.00", "missing_lines": 10, "excluded_lines": 0}, "missing_lines": [198, 199, 200, 206, 207, 210, 212, 214, 215, 216], "excluded_lines": []}, "InputSimulator.move_mouse": {"executed_lines": [], "summary": {"covered_lines": 0, "num_statements": 22, "percent_covered": 0.0, "percent_covered_display": "0.00", "missing_lines": 22, "excluded_lines": 0}, "missing_lines": [235, 237, 240, 241, 242, 243, 244, 245, 246, 247, 248, 251, 252, 253, 256, 258, 260, 261, 263, 265, 266, 267], "excluded_lines": []}, "InputSimulator.click": {"executed_lines": [], "summary": {"covered_lines": 0, "num_statements": 13, "percent_covered": 0.0, "percent_covered_display": "0.00", "missing_lines": 13, "excluded_lines": 0}, "missing_lines": [290, 292, 293, 296, 297, 299, 302, 303, 305, 308, 310, 311, 312], "excluded_lines": []}, "InputSimulator._click_at_current_position": {"executed_lines": [], "summary": {"covered_lines": 0, "num_statements": 50, "percent_covered": 0.0, "percent_covered_display": "0.00", "missing_lines": 50, "excluded_lines": 0}, "missing_lines": [324, 326, 327, 328, 329, 330, 331, 332, 333, 334, 335, 336, 337, 338, 339, 340, 341, 342, 343, 344, 345, 347, 348, 351, 352, 353, 354, 355, 356, 357, 360, 361, 362, 363, 364, 365, 366, 369, 370, 371, 373, 374, 375, 378, 380, 382, 384, 386, 387, 388], "excluded_lines": []}, "InputSimulator.scroll": {"executed_lines": [], "summary": {"covered_lines": 0, "num_statements": 19, "percent_covered": 0.0, "percent_covered_display": "0.00", "missing_lines": 19, "excluded_lines": 0}, "missing_lines": [406, 408, 409, 410, 411, 412, 415, 416, 419, 420, 421, 424, 426, 427, 428, 430, 432, 433, 434], "excluded_lines": []}, "InputSimulator.get_cursor_pos": {"executed_lines": [], "summary": {"covered_lines": 0, "num_statements": 12, "percent_covered": 0.0, "percent_covered_display": "0.00", "missing_lines": 12, "excluded_lines": 0}, "missing_lines": [443, 444, 447, 448, 449, 450, 451, 454, 455, 457, 458, 460], "excluded_lines": []}, "InputSimulator.set_delays": {"executed_lines": [], "summary": {"covered_lines": 0, "num_statements": 7, "percent_covered": 0.0, "percent_covered_display": "0.00", "missing_lines": 7, "excluded_lines": 0}, "missing_lines": [476, 477, 478, 479, 480, 481, 483], "excluded_lines": []}, "InputSimulator.click_with_modifiers": {"executed_lines": [], "summary": {"covered_lines": 0, "num_statements": 20, "percent_covered": 0.0, "percent_covered_display": "0.00", "missing_lines": 20, "excluded_lines": 0}, "missing_lines": [510, 512, 513, 514, 515, 516, 517, 518, 519, 520, 523, 524, 525, 528, 531, 532, 534, 536, 537, 538], "excluded_lines": []}, "InputSimulator._press_key": {"executed_lines": [], "summary": {"covered_lines": 0, "num_statements": 14, "percent_covered": 0.0, "percent_covered_display": "0.00", "missing_lines": 14, "excluded_lines": 0}, "missing_lines": [551, 552, 553, 554, 555, 556, 557, 559, 560, 561, 563, 565, 566, 567], "excluded_lines": []}, "get_input_simulator": {"executed_lines": [], "summary": {"covered_lines": 0, "num_statements": 3, "percent_covered": 0.0, "percent_covered_display": "0.00", "missing_lines": 3, "excluded_lines": 0}, "missing_lines": [577, 578, 579], "excluded_lines": []}, "": {"executed_lines": [], "summary": {"covered_lines": 0, "num_statements": 70, "percent_covered": 0.0, "percent_covered_display": "0.00", "missing_lines": 70, "excluded_lines": 0}, "missing_lines": [12, 13, 14, 15, 16, 17, 19, 22, 24, 25, 26, 27, 28, 31, 33, 34, 35, 36, 37, 40, 48, 49, 52, 53, 54, 55, 56, 57, 58, 59, 60, 61, 62, 63, 64, 67, 68, 71, 72, 75, 76, 77, 78, 81, 82, 83, 84, 87, 88, 97, 98, 106, 107, 112, 113, 118, 119, 121, 130, 188, 218, 269, 314, 390, 436, 462, 489, 540, 571, 574], "excluded_lines": []}}, "classes": {"MouseButton": {"executed_lines": [], "summary": {"covered_lines": 0, "num_statements": 0, "percent_covered": 100.0, "percent_covered_display": "100.00", "missing_lines": 0, "excluded_lines": 0}, "missing_lines": [], "excluded_lines": []}, "KeyModifier": {"executed_lines": [], "summary": {"covered_lines": 0, "num_statements": 0, "percent_covered": 100.0, "percent_covered_display": "100.00", "missing_lines": 0, "excluded_lines": 0}, "missing_lines": [], "excluded_lines": []}, "InputSimulator": {"executed_lines": [], "summary": {"covered_lines": 0, "num_statements": 191, "percent_covered": 0.0, "percent_covered_display": "0.00", "missing_lines": 191, "excluded_lines": 0}, "missing_lines": [123, 126, 127, 128, 147, 148, 150, 151, 152, 153, 156, 157, 161, 162, 164, 171, 172, 174, 175, 177, 182, 184, 185, 186, 198, 199, 200, 206, 207, 210, 212, 214, 215, 216, 235, 237, 240, 241, 242, 243, 244, 245, 246, 247, 248, 251, 252, 253, 256, 258, 260, 261, 263, 265, 266, 267, 290, 292, 293, 296, 297, 299, 302, 303, 305, 308, 310, 311, 312, 324, 326, 327, 328, 329, 330, 331, 332, 333, 334, 335, 336, 337, 338, 339, 340, 341, 342, 343, 344, 345, 347, 348, 351, 352, 353, 354, 355, 356, 357, 360, 361, 362, 363, 364, 365, 366, 369, 370, 371, 373, 374, 375, 378, 380, 382, 384, 386, 387, 388, 406, 408, 409, 410, 411, 412, 415, 416, 419, 420, 421, 424, 426, 427, 428, 430, 432, 433, 434, 443, 444, 447, 448, 449, 450, 451, 454, 455, 457, 458, 460, 476, 477, 478, 479, 480, 481, 483, 510, 512, 513, 514, 515, 516, 517, 518, 519, 520, 523, 524, 525, 528, 531, 532, 534, 536, 537, 538, 551, 552, 553, 554, 555, 556, 557, 559, 560, 561, 563, 565, 566, 567], "excluded_lines": []}, "InputSimulator.MOUSEINPUT": {"executed_lines": [], "summary": {"covered_lines": 0, "num_statements": 0, "percent_covered": 100.0, "percent_covered_display": "100.00", "missing_lines": 0, "excluded_lines": 0}, "missing_lines": [], "excluded_lines": []}, "InputSimulator.KEYBDINPUT": {"executed_lines": [], "summary": {"covered_lines": 0, "num_statements": 0, "percent_covered": 100.0, "percent_covered_display": "100.00", "missing_lines": 0, "excluded_lines": 0}, "missing_lines": [], "excluded_lines": []}, "InputSimulator.INPUT_UNION": {"executed_lines": [], "summary": {"covered_lines": 0, "num_statements": 0, "percent_covered": 100.0, "percent_covered_display": "100.00", "missing_lines": 0, "excluded_lines": 0}, "missing_lines": [], "excluded_lines": []}, "InputSimulator.INPUT": {"executed_lines": [], "summary": {"covered_lines": 0, "num_statements": 0, "percent_covered": 100.0, "percent_covered_display": "100.00", "missing_lines": 0, "excluded_lines": 0}, "missing_lines": [], "excluded_lines": []}, "InputSimulator.POINT": {"executed_lines": [], "summary": {"covered_lines": 0, "num_statements": 0, "percent_covered": 100.0, "percent_covered_display": "100.00", "missing_lines": 0, "excluded_lines": 0}, "missing_lines": [], "excluded_lines": []}, "": {"executed_lines": [], "summary": {"covered_lines": 0, "num_statements": 73, "percent_covered": 0.0, "percent_covered_display": "0.00", "missing_lines": 73, "excluded_lines": 0}, "missing_lines": [12, 13, 14, 15, 16, 17, 19, 22, 24, 25, 26, 27, 28, 31, 33, 34, 35, 36, 37, 40, 48, 49, 52, 53, 54, 55, 56, 57, 58, 59, 60, 61, 62, 63, 64, 67, 68, 71, 72, 75, 76, 77, 78, 81, 82, 83, 84, 87, 88, 97, 98, 106, 107, 112, 113, 118, 119, 121, 130, 188, 218, 269, 314, 390, 436, 462, 489, 540, 571, 574, 577, 578, 579], "excluded_lines": []}}}, "src/mcp_server/windows/window_manager.py": {"executed_lines": [], "summary": {"covered_lines": 0, "num_statements": 224, "percent_covered": 0.0, "percent_covered_display": "0.00", "missing_lines": 224, "excluded_lines": 0}, "missing_lines": [12, 13, 14, 15, 16, 17, 19, 22, 23, 25, 26, 27, 28, 29, 30, 31, 32, 33, 34, 35, 37, 38, 39, 41, 42, 43, 45, 46, 47, 49, 50, 51, 53, 54, 56, 58, 59, 61, 64, 72, 84, 92, 93, 94, 97, 98, 105, 106, 108, 110, 111, 114, 115, 117, 127, 129, 130, 133, 134, 135, 138, 139, 140, 143, 144, 150, 153, 154, 155, 158, 159, 162, 163, 166, 167, 168, 169, 171, 179, 181, 200, 201, 202, 204, 214, 216, 217, 223, 224, 226, 228, 229, 232, 238, 240, 243, 245, 246, 248, 250, 260, 261, 262, 265, 266, 269, 270, 271, 274, 275, 279, 281, 296, 298, 299, 300, 301, 302, 305, 306, 309, 310, 313, 314, 317, 318, 320, 322, 323, 325, 328, 333, 335, 336, 337, 338, 340, 342, 349, 351, 362, 363, 364, 366, 368, 369, 371, 372, 374, 376, 383, 384, 385, 386, 387, 388, 390, 392, 409, 410, 411, 412, 413, 414, 415, 417, 419, 436, 437, 438, 439, 440, 441, 442, 444, 446, 461, 463, 464, 465, 466, 468, 469, 471, 473, 483, 484, 485, 488, 489, 490, 491, 492, 495, 496, 497, 498, 499, 500, 501, 502, 505, 506, 507, 508, 509, 510, 511, 512, 513, 514, 515, 517, 519, 529, 530, 531, 533, 535, 569, 572, 575, 576, 577], "excluded_lines": [], "functions": {"WindowInfo.window_width": {"executed_lines": [], "summary": {"covered_lines": 0, "num_statements": 1, "percent_covered": 0.0, "percent_covered_display": "0.00", "missing_lines": 1, "excluded_lines": 0}, "missing_lines": [39], "excluded_lines": []}, "WindowInfo.window_height": {"executed_lines": [], "summary": {"covered_lines": 0, "num_statements": 1, "percent_covered": 0.0, "percent_covered_display": "0.00", "missing_lines": 1, "excluded_lines": 0}, "missing_lines": [43], "excluded_lines": []}, "WindowInfo.client_width": {"executed_lines": [], "summary": {"covered_lines": 0, "num_statements": 1, "percent_covered": 0.0, "percent_covered_display": "0.00", "missing_lines": 1, "excluded_lines": 0}, "missing_lines": [47], "excluded_lines": []}, "WindowInfo.client_height": {"executed_lines": [], "summary": {"covered_lines": 0, "num_statements": 1, "percent_covered": 0.0, "percent_covered_display": "0.00", "missing_lines": 1, "excluded_lines": 0}, "missing_lines": [51], "excluded_lines": []}, "WindowInfo.chrome_offset_x": {"executed_lines": [], "summary": {"covered_lines": 0, "num_statements": 1, "percent_covered": 0.0, "percent_covered_display": "0.00", "missing_lines": 1, "excluded_lines": 0}, "missing_lines": [56], "excluded_lines": []}, "WindowInfo.chrome_offset_y": {"executed_lines": [], "summary": {"covered_lines": 0, "num_statements": 1, "percent_covered": 0.0, "percent_covered_display": "0.00", "missing_lines": 1, "excluded_lines": 0}, "missing_lines": [61], "excluded_lines": []}, "WindowManager.__init__": {"executed_lines": [], "summary": {"covered_lines": 0, "num_statements": 4, "percent_covered": 0.0, "percent_covered_display": "0.00", "missing_lines": 4, "excluded_lines": 0}, "missing_lines": [110, 111, 114, 115], "excluded_lines": []}, "WindowManager.get_window_info": {"executed_lines": [], "summary": {"covered_lines": 0, "num_statements": 29, "percent_covered": 0.0, "percent_covered_display": "0.00", "missing_lines": 29, "excluded_lines": 0}, "missing_lines": [127, 129, 130, 133, 134, 135, 138, 139, 140, 143, 144, 150, 153, 154, 155, 158, 159, 162, 163, 166, 167, 168, 169, 171, 179, 181, 200, 201, 202], "excluded_lines": []}, "WindowManager.get_process_name": {"executed_lines": [], "summary": {"covered_lines": 0, "num_statements": 15, "percent_covered": 0.0, "percent_covered_display": "0.00", "missing_lines": 15, "excluded_lines": 0}, "missing_lines": [214, 216, 217, 223, 224, 226, 228, 229, 232, 238, 240, 243, 245, 246, 248], "excluded_lines": []}, "WindowManager.is_browser_window": {"executed_lines": [], "summary": {"covered_lines": 0, "num_statements": 11, "percent_covered": 0.0, "percent_covered_display": "0.00", "missing_lines": 11, "excluded_lines": 0}, "missing_lines": [260, 261, 262, 265, 266, 269, 270, 271, 274, 275, 279], "excluded_lines": []}, "WindowManager.enumerate_windows": {"executed_lines": [], "summary": {"covered_lines": 0, "num_statements": 9, "percent_covered": 0.0, "percent_covered_display": "0.00", "missing_lines": 9, "excluded_lines": 0}, "missing_lines": [296, 298, 328, 333, 335, 336, 337, 338, 340], "excluded_lines": []}, "WindowManager.enumerate_windows.enum_windows_callback": {"executed_lines": [], "summary": {"covered_lines": 0, "num_statements": 16, "percent_covered": 0.0, "percent_covered_display": "0.00", "missing_lines": 16, "excluded_lines": 0}, "missing_lines": [299, 300, 301, 302, 305, 306, 309, 310, 313, 314, 317, 318, 320, 322, 323, 325], "excluded_lines": []}, "WindowManager.find_browser_windows": {"executed_lines": [], "summary": {"covered_lines": 0, "num_statements": 1, "percent_covered": 0.0, "percent_covered_display": "0.00", "missing_lines": 1, "excluded_lines": 0}, "missing_lines": [349], "excluded_lines": []}, "WindowManager.get_window_at_point": {"executed_lines": [], "summary": {"covered_lines": 0, "num_statements": 9, "percent_covered": 0.0, "percent_covered_display": "0.00", "missing_lines": 9, "excluded_lines": 0}, "missing_lines": [362, 363, 364, 366, 368, 369, 371, 372, 374], "excluded_lines": []}, "WindowManager.get_foreground_window": {"executed_lines": [], "summary": {"covered_lines": 0, "num_statements": 7, "percent_covered": 0.0, "percent_covered_display": "0.00", "missing_lines": 7, "excluded_lines": 0}, "missing_lines": [383, 384, 385, 386, 387, 388, 390], "excluded_lines": []}, "WindowManager.screen_to_client": {"executed_lines": [], "summary": {"covered_lines": 0, "num_statements": 8, "percent_covered": 0.0, "percent_covered_display": "0.00", "missing_lines": 8, "excluded_lines": 0}, "missing_lines": [409, 410, 411, 412, 413, 414, 415, 417], "excluded_lines": []}, "WindowManager.client_to_screen": {"executed_lines": [], "summary": {"covered_lines": 0, "num_statements": 8, "percent_covered": 0.0, "percent_covered_display": "0.00", "missing_lines": 8, "excluded_lines": 0}, "missing_lines": [436, 437, 438, 439, 440, 441, 442, 444], "excluded_lines": []}, "WindowManager.get_window_by_title": {"executed_lines": [], "summary": {"covered_lines": 0, "num_statements": 8, "percent_covered": 0.0, "percent_covered_display": "0.00", "missing_lines": 8, "excluded_lines": 0}, "missing_lines": [461, 463, 464, 465, 466, 468, 469, 471], "excluded_lines": []}, "WindowManager.get_browser_type": {"executed_lines": [], "summary": {"covered_lines": 0, "num_statements": 28, "percent_covered": 0.0, "percent_covered_display": "0.00", "missing_lines": 28, "excluded_lines": 0}, "missing_lines": [483, 484, 485, 488, 489, 490, 491, 492, 495, 496, 497, 498, 499, 500, 501, 502, 505, 506, 507, 508, 509, 510, 511, 512, 513, 514, 515, 517], "excluded_lines": []}, "WindowManager.get_window_summary": {"executed_lines": [], "summary": {"covered_lines": 0, "num_statements": 5, "percent_covered": 0.0, "percent_covered_display": "0.00", "missing_lines": 5, "excluded_lines": 0}, "missing_lines": [529, 530, 531, 533, 535], "excluded_lines": []}, "get_window_manager": {"executed_lines": [], "summary": {"covered_lines": 0, "num_statements": 3, "percent_covered": 0.0, "percent_covered_display": "0.00", "missing_lines": 3, "excluded_lines": 0}, "missing_lines": [575, 576, 577], "excluded_lines": []}, "": {"executed_lines": [], "summary": {"covered_lines": 0, "num_statements": 57, "percent_covered": 0.0, "percent_covered_display": "0.00", "missing_lines": 57, "excluded_lines": 0}, "missing_lines": [12, 13, 14, 15, 16, 17, 19, 22, 23, 25, 26, 27, 28, 29, 30, 31, 32, 33, 34, 35, 37, 38, 41, 42, 45, 46, 49, 50, 53, 54, 58, 59, 64, 72, 84, 92, 93, 94, 97, 98, 105, 106, 108, 117, 204, 250, 281, 342, 351, 376, 392, 419, 446, 473, 519, 569, 572], "excluded_lines": []}}, "classes": {"WindowInfo": {"executed_lines": [], "summary": {"covered_lines": 0, "num_statements": 6, "percent_covered": 0.0, "percent_covered_display": "0.00", "missing_lines": 6, "excluded_lines": 0}, "missing_lines": [39, 43, 47, 51, 56, 61], "excluded_lines": []}, "WindowManager": {"executed_lines": [], "summary": {"covered_lines": 0, "num_statements": 158, "percent_covered": 0.0, "percent_covered_display": "0.00", "missing_lines": 158, "excluded_lines": 0}, "missing_lines": [110, 111, 114, 115, 127, 129, 130, 133, 134, 135, 138, 139, 140, 143, 144, 150, 153, 154, 155, 158, 159, 162, 163, 166, 167, 168, 169, 171, 179, 181, 200, 201, 202, 214, 216, 217, 223, 224, 226, 228, 229, 232, 238, 240, 243, 245, 246, 248, 260, 261, 262, 265, 266, 269, 270, 271, 274, 275, 279, 296, 298, 299, 300, 301, 302, 305, 306, 309, 310, 313, 314, 317, 318, 320, 322, 323, 325, 328, 333, 335, 336, 337, 338, 340, 349, 362, 363, 364, 366, 368, 369, 371, 372, 374, 383, 384, 385, 386, 387, 388, 390, 409, 410, 411, 412, 413, 414, 415, 417, 436, 437, 438, 439, 440, 441, 442, 444, 461, 463, 464, 465, 466, 468, 469, 471, 483, 484, 485, 488, 489, 490, 491, 492, 495, 496, 497, 498, 499, 500, 501, 502, 505, 506, 507, 508, 509, 510, 511, 512, 513, 514, 515, 517, 529, 530, 531, 533, 535], "excluded_lines": []}, "WindowManager.RECT": {"executed_lines": [], "summary": {"covered_lines": 0, "num_statements": 0, "percent_covered": 100.0, "percent_covered_display": "100.00", "missing_lines": 0, "excluded_lines": 0}, "missing_lines": [], "excluded_lines": []}, "WindowManager.POINT": {"executed_lines": [], "summary": {"covered_lines": 0, "num_statements": 0, "percent_covered": 100.0, "percent_covered_display": "100.00", "missing_lines": 0, "excluded_lines": 0}, "missing_lines": [], "excluded_lines": []}, "": {"executed_lines": [], "summary": {"covered_lines": 0, "num_statements": 60, "percent_covered": 0.0, "percent_covered_display": "0.00", "missing_lines": 60, "excluded_lines": 0}, "missing_lines": [12, 13, 14, 15, 16, 17, 19, 22, 23, 25, 26, 27, 28, 29, 30, 31, 32, 33, 34, 35, 37, 38, 41, 42, 45, 46, 49, 50, 53, 54, 58, 59, 64, 72, 84, 92, 93, 94, 97, 98, 105, 106, 108, 117, 204, 250, 281, 342, 351, 376, 392, 419, 446, 473, 519, 569, 572, 575, 576, 577], "excluded_lines": []}}}}, "totals": {"covered_lines": 3884, "num_statements": 8759, "percent_covered": 44.342961525288274, "percent_covered_display": "44.34", "missing_lines": 4875, "excluded_lines": 385}}